# JRE version: OpenJDK Runtime Environment (8.0_242-b01) (build 1.8.0_242-release-1644-b01)
# Java VM: OpenJDK 64-Bit Server VM (25.242-b01 mixed mode windows-amd64 compressed oops)
Heap:
 PSYoungGen      total 178688K, used 61755K [0x00000000d5580000, 0x00000000e2a00000, 0x0000000100000000)
  eden space 162304K, 27% used [0x00000000d5580000,0x00000000d81cf970,0x00000000df400000)
  from space 16384K, 99% used [0x00000000df400000,0x00000000e03ff468,0x00000000e0400000)
  to   space 20480K, 0% used [0x00000000e1600000,0x00000000e1600000,0x00000000e2a00000)
 ParOldGen       total 103424K, used 33413K [0x0000000080000000, 0x0000000086500000, 0x00000000d5580000)
  object space 103424K, 32% used [0x0000000080000000,0x00000000820a1728,0x0000000086500000)
 Metaspace       used 70828K, capacity 73822K, committed 74152K, reserved 1114112K
  class space    used 9690K, capacity 10290K, committed 10408K, reserved 1048576K
GC Heap History (10 events):
Event: 34.550 GC heap before
{Heap before GC invocations=16 (full 2):
 PSYoungGen      total 104960K, used 104951K [0x00000000d5580000, 0x00000000de900000, 0x0000000100000000)
  eden space 94720K, 100% used [0x00000000d5580000,0x00000000db200000,0x00000000db200000)
  from space 10240K, 99% used [0x00000000db200000,0x00000000dbbfdc30,0x00000000dbc00000)
  to   space 13824K, 0% used [0x00000000ddb80000,0x00000000ddb80000,0x00000000de900000)
 ParOldGen       total 70656K, used 22385K [0x0000000080000000, 0x0000000084500000, 0x00000000d5580000)
  object space 70656K, 31% used [0x0000000080000000,0x00000000815dc6c0,0x0000000084500000)
 Metaspace       used 55805K, capacity 57840K, committed 57896K, reserved 1099776K
  class space    used 7533K, capacity 7965K, committed 7976K, reserved 1048576K
Event: 34.598 GC heap after
Heap after GC invocations=16 (full 2):
 PSYoungGen      total 135680K, used 12036K [0x00000000d5580000, 0x00000000def80000, 0x0000000100000000)
  eden space 121856K, 0% used [0x00000000d5580000,0x00000000d5580000,0x00000000dcc80000)
  from space 13824K, 87% used [0x00000000ddb80000,0x00000000de741008,0x00000000de900000)
  to   space 15360K, 0% used [0x00000000dcc80000,0x00000000dcc80000,0x00000000ddb80000)
 ParOldGen       total 70656K, used 27235K [0x0000000080000000, 0x0000000084500000, 0x00000000d5580000)
  object space 70656K, 38% used [0x0000000080000000,0x0000000081a98ca0,0x0000000084500000)
 Metaspace       used 55805K, capacity 57840K, committed 57896K, reserved 1099776K
  class space    used 7533K, capacity 7965K, committed 7976K, reserved 1048576K
}
Event: 35.664 GC heap before
{Heap before GC invocations=17 (full 2):
 PSYoungGen      total 135680K, used 28676K [0x00000000d5580000, 0x00000000def80000, 0x0000000100000000)
  eden space 121856K, 13% used [0x00000000d5580000,0x00000000d65c0158,0x00000000dcc80000)
  from space 13824K, 87% used [0x00000000ddb80000,0x00000000de741008,0x00000000de900000)
  to   space 15360K, 0% used [0x00000000dcc80000,0x00000000dcc80000,0x00000000ddb80000)
 ParOldGen       total 70656K, used 27235K [0x0000000080000000, 0x0000000084500000, 0x00000000d5580000)
  object space 70656K, 38% used [0x0000000080000000,0x0000000081a98ca0,0x0000000084500000)
 Metaspace       used 56960K, capacity 58996K, committed 59160K, reserved 1099776K
  class space    used 7680K, capacity 8123K, committed 8232K, reserved 1048576K
Event: 35.697 GC heap after
Heap after GC invocations=17 (full 2):
 PSYoungGen      total 137216K, used 1831K [0x00000000d5580000, 0x00000000e1680000, 0x0000000100000000)
  eden space 121856K, 0% used [0x00000000d5580000,0x00000000d5580000,0x00000000dcc80000)
  from space 15360K, 11% used [0x00000000dcc80000,0x00000000dce49d08,0x00000000ddb80000)
  to   space 15360K, 0% used [0x00000000e0780000,0x00000000e0780000,0x00000000e1680000)
 ParOldGen       total 70656K, used 33336K [0x0000000080000000, 0x0000000084500000, 0x00000000d5580000)
  object space 70656K, 47% used [0x0000000080000000,0x000000008208e3d0,0x0000000084500000)
 Metaspace       used 56960K, capacity 58996K, committed 59160K, reserved 1099776K
  class space    used 7680K, capacity 8123K, committed 8232K, reserved 1048576K
}
Event: 35.697 GC heap before
{Heap before GC invocations=18 (full 3):
 PSYoungGen      total 137216K, used 1831K [0x00000000d5580000, 0x00000000e1680000, 0x0000000100000000)
  eden space 121856K, 0% used [0x00000000d5580000,0x00000000d5580000,0x00000000dcc80000)
  from space 15360K, 11% used [0x00000000dcc80000,0x00000000dce49d08,0x00000000ddb80000)
  to   space 15360K, 0% used [0x00000000e0780000,0x00000000e0780000,0x00000000e1680000)
 ParOldGen       total 70656K, used 33336K [0x0000000080000000, 0x0000000084500000, 0x00000000d5580000)
  object space 70656K, 47% used [0x0000000080000000,0x000000008208e3d0,0x0000000084500000)
 Metaspace       used 56960K, capacity 58996K, committed 59160K, reserved 1099776K
  class space    used 7680K, capacity 8123K, committed 8232K, reserved 1048576K
Event: 36.332 GC heap after
Heap after GC invocations=18 (full 3):
 PSYoungGen      total 137216K, used 0K [0x00000000d5580000, 0x00000000e1680000, 0x0000000100000000)
  eden space 121856K, 0% used [0x00000000d5580000,0x00000000d5580000,0x00000000dcc80000)
  from space 15360K, 0% used [0x00000000dcc80000,0x00000000dcc80000,0x00000000ddb80000)
  to   space 15360K, 0% used [0x00000000e0780000,0x00000000e0780000,0x00000000e1680000)
 ParOldGen       total 103424K, used 29251K [0x0000000080000000, 0x0000000086500000, 0x00000000d5580000)
  object space 103424K, 28% used [0x0000000080000000,0x0000000081c90c08,0x0000000086500000)
 Metaspace       used 56957K, capacity 58984K, committed 59160K, reserved 1099776K
  class space    used 7679K, capacity 8121K, committed 8232K, reserved 1048576K
}
Event: 45.839 GC heap before
{Heap before GC invocations=19 (full 3):
 PSYoungGen      total 137216K, used 121856K [0x00000000d5580000, 0x00000000e1680000, 0x0000000100000000)
  eden space 121856K, 100% used [0x00000000d5580000,0x00000000dcc80000,0x00000000dcc80000)
  from space 15360K, 0% used [0x00000000dcc80000,0x00000000dcc80000,0x00000000ddb80000)
  to   space 15360K, 0% used [0x00000000e0780000,0x00000000e0780000,0x00000000e1680000)
 ParOldGen       total 103424K, used 29251K [0x0000000080000000, 0x0000000086500000, 0x00000000d5580000)
  object space 103424K, 28% used [0x0000000080000000,0x0000000081c90c08,0x0000000086500000)
 Metaspace       used 63169K, capacity 65774K, committed 66088K, reserved 1105920K
  class space    used 8630K, capacity 9194K, committed 9256K, reserved 1048576K
Event: 45.874 GC heap after
Heap after GC invocations=19 (full 3):
 PSYoungGen      total 164864K, used 12452K [0x00000000d5580000, 0x00000000e1400000, 0x0000000100000000)
  eden space 152064K, 0% used [0x00000000d5580000,0x00000000d5580000,0x00000000dea00000)
  from space 12800K, 97% used [0x00000000e0780000,0x00000000e13a92d0,0x00000000e1400000)
  to   space 16384K, 0% used [0x00000000df400000,0x00000000df400000,0x00000000e0400000)
 ParOldGen       total 103424K, used 29259K [0x0000000080000000, 0x0000000086500000, 0x00000000d5580000)
  object space 103424K, 28% used [0x0000000080000000,0x0000000081c92c08,0x0000000086500000)
 Metaspace       used 63169K, capacity 65774K, committed 66088K, reserved 1105920K
  class space    used 8630K, capacity 9194K, committed 9256K, reserved 1048576K
}
Event: 54.142 GC heap before
{Heap before GC invocations=20 (full 3):
 PSYoungGen      total 164864K, used 164516K [0x00000000d5580000, 0x00000000e1400000, 0x0000000100000000)
  eden space 152064K, 100% used [0x00000000d5580000,0x00000000dea00000,0x00000000dea00000)
  from space 12800K, 97% used [0x00000000e0780000,0x00000000e13a92d0,0x00000000e1400000)
  to   space 16384K, 0% used [0x00000000df400000,0x00000000df400000,0x00000000e0400000)
 ParOldGen       total 103424K, used 29259K [0x0000000080000000, 0x0000000086500000, 0x00000000d5580000)
  object space 103424K, 28% used [0x0000000080000000,0x0000000081c92c08,0x0000000086500000)
 Metaspace       used 68765K, capacity 71564K, committed 71720K, reserved 1112064K
  class space    used 9367K, capacity 9953K, committed 10024K, reserved 1048576K
Event: 54.244 GC heap after
Heap after GC invocations=20 (full 3):
 PSYoungGen      total 178688K, used 16381K [0x00000000d5580000, 0x00000000e2a00000, 0x0000000100000000)
  eden space 162304K, 0% used [0x00000000d5580000,0x00000000d5580000,0x00000000df400000)
  from space 16384K, 99% used [0x00000000df400000,0x00000000e03ff468,0x00000000e0400000)
  to   space 20480K, 0% used [0x00000000e1600000,0x00000000e1600000,0x00000000e2a00000)
 ParOldGen       total 103424K, used 33413K [0x0000000080000000, 0x0000000086500000, 0x00000000d5580000)
  object space 103424K, 32% used [0x0000000080000000,0x00000000820a1728,0x0000000086500000)
 Metaspace       used 68765K, capacity 71564K, committed 71720K, reserved 1112064K
  class space    used 9367K, capacity 9953K, committed 10024K, reserved 1048576K
}

