# JRE version: OpenJDK Runtime Environment (8.0_242-b01) (build 1.8.0_242-release-1644-b01)
# Java VM: OpenJDK 64-Bit Server VM (25.242-b01 mixed mode windows-amd64 compressed oops)
Heap:
 PSYoungGen      total 55296K, used 5675K [0x00000000d5580000, 0x00000000dbe00000, 0x0000000100000000)
  eden space 50688K, 2% used [0x00000000d5580000,0x00000000d568af40,0x00000000d8700000)
  from space 4608K, 100% used [0x00000000d9200000,0x00000000d9680000,0x00000000d9680000)
  to   space 11264K, 0% used [0x00000000d8700000,0x00000000d8700000,0x00000000d9200000)
 ParOldGen       total 61440K, used 19498K [0x0000000080000000, 0x0000000083c00000, 0x00000000d5580000)
  object space 61440K, 31% used [0x0000000080000000,0x000000008130a838,0x0000000083c00000)
 Metaspace       used 31862K, capacity 32662K, committed 32816K, reserved 1077248K
  class space    used 4316K, capacity 4544K, committed 4656K, reserved 1048576K
GC Heap History (10 events):
Event: 9.109 GC heap before
{Heap before GC invocations=5 (full 0):
 PSYoungGen      total 61952K, used 61920K [0x00000000d5580000, 0x00000000d9680000, 0x0000000100000000)
  eden space 57344K, 100% used [0x00000000d5580000,0x00000000d8d80000,0x00000000d8d80000)
  from space 4608K, 99% used [0x00000000d9200000,0x00000000d9678040,0x00000000d9680000)
  to   space 4608K, 0% used [0x00000000d8d80000,0x00000000d8d80000,0x00000000d9200000)
 ParOldGen       total 76800K, used 2047K [0x0000000080000000, 0x0000000084b00000, 0x00000000d5580000)
  object space 76800K, 2% used [0x0000000080000000,0x00000000801fffb0,0x0000000084b00000)
 Metaspace       used 18347K, capacity 18988K, committed 19200K, reserved 1064960K
  class space    used 2523K, capacity 2736K, committed 2816K, reserved 1048576K
Event: 9.136 GC heap after
Heap after GC invocations=5 (full 0):
 PSYoungGen      total 61952K, used 4576K [0x00000000d5580000, 0x00000000d9680000, 0x0000000100000000)
  eden space 57344K, 0% used [0x00000000d5580000,0x00000000d5580000,0x00000000d8d80000)
  from space 4608K, 99% used [0x00000000d8d80000,0x00000000d91f8020,0x00000000d9200000)
  to   space 4608K, 0% used [0x00000000d9200000,0x00000000d9200000,0x00000000d9680000)
 ParOldGen       total 76800K, used 8087K [0x0000000080000000, 0x0000000084b00000, 0x00000000d5580000)
  object space 76800K, 10% used [0x0000000080000000,0x00000000807e5dd0,0x0000000084b00000)
 Metaspace       used 18347K, capacity 18988K, committed 19200K, reserved 1064960K
  class space    used 2523K, capacity 2736K, committed 2816K, reserved 1048576K
}
Event: 10.087 GC heap before
{Heap before GC invocations=6 (full 0):
 PSYoungGen      total 61952K, used 33063K [0x00000000d5580000, 0x00000000d9680000, 0x0000000100000000)
  eden space 57344K, 49% used [0x00000000d5580000,0x00000000d7151e48,0x00000000d8d80000)
  from space 4608K, 99% used [0x00000000d8d80000,0x00000000d91f8020,0x00000000d9200000)
  to   space 4608K, 0% used [0x00000000d9200000,0x00000000d9200000,0x00000000d9680000)
 ParOldGen       total 76800K, used 8087K [0x0000000080000000, 0x0000000084b00000, 0x00000000d5580000)
  object space 76800K, 10% used [0x0000000080000000,0x00000000807e5dd0,0x0000000084b00000)
 Metaspace       used 20604K, capacity 21240K, committed 21296K, reserved 1067008K
  class space    used 2877K, capacity 3088K, committed 3120K, reserved 1048576K
Event: 10.105 GC heap after
Heap after GC invocations=6 (full 0):
 PSYoungGen      total 61952K, used 4580K [0x00000000d5580000, 0x00000000d9680000, 0x0000000100000000)
  eden space 57344K, 0% used [0x00000000d5580000,0x00000000d5580000,0x00000000d8d80000)
  from space 4608K, 99% used [0x00000000d9200000,0x00000000d9679070,0x00000000d9680000)
  to   space 4608K, 0% used [0x00000000d8d80000,0x00000000d8d80000,0x00000000d9200000)
 ParOldGen       total 76800K, used 11033K [0x0000000080000000, 0x0000000084b00000, 0x00000000d5580000)
  object space 76800K, 14% used [0x0000000080000000,0x0000000080ac66b8,0x0000000084b00000)
 Metaspace       used 20604K, capacity 21240K, committed 21296K, reserved 1067008K
  class space    used 2877K, capacity 3088K, committed 3120K, reserved 1048576K
}
Event: 10.105 GC heap before
{Heap before GC invocations=7 (full 1):
 PSYoungGen      total 61952K, used 4580K [0x00000000d5580000, 0x00000000d9680000, 0x0000000100000000)
  eden space 57344K, 0% used [0x00000000d5580000,0x00000000d5580000,0x00000000d8d80000)
  from space 4608K, 99% used [0x00000000d9200000,0x00000000d9679070,0x00000000d9680000)
  to   space 4608K, 0% used [0x00000000d8d80000,0x00000000d8d80000,0x00000000d9200000)
 ParOldGen       total 76800K, used 11033K [0x0000000080000000, 0x0000000084b00000, 0x00000000d5580000)
  object space 76800K, 14% used [0x0000000080000000,0x0000000080ac66b8,0x0000000084b00000)
 Metaspace       used 20604K, capacity 21240K, committed 21296K, reserved 1067008K
  class space    used 2877K, capacity 3088K, committed 3120K, reserved 1048576K
Event: 10.216 GC heap after
Heap after GC invocations=7 (full 1):
 PSYoungGen      total 61952K, used 0K [0x00000000d5580000, 0x00000000d9680000, 0x0000000100000000)
  eden space 57344K, 0% used [0x00000000d5580000,0x00000000d5580000,0x00000000d8d80000)
  from space 4608K, 0% used [0x00000000d9200000,0x00000000d9200000,0x00000000d9680000)
  to   space 4608K, 0% used [0x00000000d8d80000,0x00000000d8d80000,0x00000000d9200000)
 ParOldGen       total 61440K, used 13167K [0x0000000080000000, 0x0000000083c00000, 0x00000000d5580000)
  object space 61440K, 21% used [0x0000000080000000,0x0000000080cdbc60,0x0000000083c00000)
 Metaspace       used 20604K, capacity 21240K, committed 21296K, reserved 1067008K
  class space    used 2877K, capacity 3088K, committed 3120K, reserved 1048576K
}
Event: 13.314 GC heap before
{Heap before GC invocations=8 (full 1):
 PSYoungGen      total 61952K, used 57344K [0x00000000d5580000, 0x00000000d9680000, 0x0000000100000000)
  eden space 57344K, 100% used [0x00000000d5580000,0x00000000d8d80000,0x00000000d8d80000)
  from space 4608K, 0% used [0x00000000d9200000,0x00000000d9200000,0x00000000d9680000)
  to   space 4608K, 0% used [0x00000000d8d80000,0x00000000d8d80000,0x00000000d9200000)
 ParOldGen       total 61440K, used 13167K [0x0000000080000000, 0x0000000083c00000, 0x00000000d5580000)
  object space 61440K, 21% used [0x0000000080000000,0x0000000080cdbc60,0x0000000083c00000)
 Metaspace       used 27572K, capacity 28264K, committed 28336K, reserved 1073152K
  class space    used 3774K, capacity 3998K, committed 4016K, reserved 1048576K
Event: 13.331 GC heap after
Heap after GC invocations=8 (full 1):
 PSYoungGen      total 61952K, used 4592K [0x00000000d5580000, 0x00000000d9680000, 0x0000000100000000)
  eden space 57344K, 0% used [0x00000000d5580000,0x00000000d5580000,0x00000000d8d80000)
  from space 4608K, 99% used [0x00000000d8d80000,0x00000000d91fc2d0,0x00000000d9200000)
  to   space 4608K, 0% used [0x00000000d9200000,0x00000000d9200000,0x00000000d9680000)
 ParOldGen       total 61440K, used 15798K [0x0000000080000000, 0x0000000083c00000, 0x00000000d5580000)
  object space 61440K, 25% used [0x0000000080000000,0x0000000080f6daf0,0x0000000083c00000)
 Metaspace       used 27572K, capacity 28264K, committed 28336K, reserved 1073152K
  class space    used 3774K, capacity 3998K, committed 4016K, reserved 1048576K
}
Event: 15.897 GC heap before
{Heap before GC invocations=9 (full 1):
 PSYoungGen      total 61952K, used 61936K [0x00000000d5580000, 0x00000000d9680000, 0x0000000100000000)
  eden space 57344K, 100% used [0x00000000d5580000,0x00000000d8d80000,0x00000000d8d80000)
  from space 4608K, 99% used [0x00000000d8d80000,0x00000000d91fc2d0,0x00000000d9200000)
  to   space 4608K, 0% used [0x00000000d9200000,0x00000000d9200000,0x00000000d9680000)
 ParOldGen       total 61440K, used 15798K [0x0000000080000000, 0x0000000083c00000, 0x00000000d5580000)
  object space 61440K, 25% used [0x0000000080000000,0x0000000080f6daf0,0x0000000083c00000)
 Metaspace       used 31832K, capacity 32662K, committed 32816K, reserved 1077248K
  class space    used 4311K, capacity 4544K, committed 4656K, reserved 1048576K
Event: 15.916 GC heap after
Heap after GC invocations=9 (full 1):
 PSYoungGen      total 55296K, used 4608K [0x00000000d5580000, 0x00000000dbe00000, 0x0000000100000000)
  eden space 50688K, 0% used [0x00000000d5580000,0x00000000d5580000,0x00000000d8700000)
  from space 4608K, 100% used [0x00000000d9200000,0x00000000d9680000,0x00000000d9680000)
  to   space 11264K, 0% used [0x00000000d8700000,0x00000000d8700000,0x00000000d9200000)
 ParOldGen       total 61440K, used 19498K [0x0000000080000000, 0x0000000083c00000, 0x00000000d5580000)
  object space 61440K, 31% used [0x0000000080000000,0x000000008130a838,0x0000000083c00000)
 Metaspace       used 31832K, capacity 32662K, committed 32816K, reserved 1077248K
  class space    used 4311K, capacity 4544K, committed 4656K, reserved 1048576K
}

