# JRE version: OpenJDK Runtime Environment (8.0_242-b01) (build 1.8.0_242-release-1644-b01)
# Java VM: OpenJDK 64-Bit Server VM (25.242-b01 mixed mode windows-amd64 compressed oops)
Heap:
 PSYoungGen      total 310784K, used 143730K [0x00000000d5580000, 0x00000000ece80000, 0x0000000100000000)
  eden space 278528K, 44% used [0x00000000d5580000,0x00000000dcf3f998,0x00000000e6580000)
  from space 32256K, 59% used [0x00000000e6580000,0x00000000e781d120,0x00000000e8500000)
  to   space 32256K, 0% used [0x00000000eaf00000,0x00000000eaf00000,0x00000000ece80000)
 ParOldGen       total 121856K, used 59244K [0x0000000080000000, 0x0000000087700000, 0x00000000d5580000)
  object space 121856K, 48% used [0x0000000080000000,0x00000000839db098,0x0000000087700000)
 Metaspace       used 90454K, capacity 95112K, committed 95128K, reserved 1132544K
  class space    used 12072K, capacity 12957K, committed 12968K, reserved 1048576K
GC Heap History (10 events):
Event: 22.611 GC heap before
{Heap before GC invocations=12 (full 2):
 PSYoungGen      total 202240K, used 102693K [0x00000000d5580000, 0x00000000e6380000, 0x0000000100000000)
  eden space 188416K, 47% used [0x00000000d5580000,0x00000000dac50c08,0x00000000e0d80000)
  from space 13824K, 99% used [0x00000000e0d80000,0x00000000e1af89a0,0x00000000e1b00000)
  to   space 18944K, 0% used [0x00000000e5100000,0x00000000e5100000,0x00000000e6380000)
 ParOldGen       total 81408K, used 24083K [0x0000000080000000, 0x0000000084f80000, 0x00000000d5580000)
  object space 81408K, 29% used [0x0000000080000000,0x0000000081784e98,0x0000000084f80000)
 Metaspace       used 56923K, capacity 58996K, committed 59160K, reserved 1099776K
  class space    used 7672K, capacity 8123K, committed 8232K, reserved 1048576K
Event: 22.659 GC heap after
Heap after GC invocations=12 (full 2):
 PSYoungGen      total 253952K, used 18940K [0x00000000d5580000, 0x00000000e6d00000, 0x0000000100000000)
  eden space 235008K, 0% used [0x00000000d5580000,0x00000000d5580000,0x00000000e3b00000)
  from space 18944K, 99% used [0x00000000e5100000,0x00000000e637f010,0x00000000e6380000)
  to   space 22528K, 0% used [0x00000000e3b00000,0x00000000e3b00000,0x00000000e5100000)
 ParOldGen       total 81408K, used 25464K [0x0000000080000000, 0x0000000084f80000, 0x00000000d5580000)
  object space 81408K, 31% used [0x0000000080000000,0x00000000818de280,0x0000000084f80000)
 Metaspace       used 56923K, capacity 58996K, committed 59160K, reserved 1099776K
  class space    used 7672K, capacity 8123K, committed 8232K, reserved 1048576K
}
Event: 22.659 GC heap before
{Heap before GC invocations=13 (full 3):
 PSYoungGen      total 253952K, used 18940K [0x00000000d5580000, 0x00000000e6d00000, 0x0000000100000000)
  eden space 235008K, 0% used [0x00000000d5580000,0x00000000d5580000,0x00000000e3b00000)
  from space 18944K, 99% used [0x00000000e5100000,0x00000000e637f010,0x00000000e6380000)
  to   space 22528K, 0% used [0x00000000e3b00000,0x00000000e3b00000,0x00000000e5100000)
 ParOldGen       total 81408K, used 25464K [0x0000000080000000, 0x0000000084f80000, 0x00000000d5580000)
  object space 81408K, 31% used [0x0000000080000000,0x00000000818de280,0x0000000084f80000)
 Metaspace       used 56923K, capacity 58996K, committed 59160K, reserved 1099776K
  class space    used 7672K, capacity 8123K, committed 8232K, reserved 1048576K
Event: 22.960 GC heap after
Heap after GC invocations=13 (full 3):
 PSYoungGen      total 253952K, used 0K [0x00000000d5580000, 0x00000000e6d00000, 0x0000000100000000)
  eden space 235008K, 0% used [0x00000000d5580000,0x00000000d5580000,0x00000000e3b00000)
  from space 18944K, 0% used [0x00000000e5100000,0x00000000e5100000,0x00000000e6380000)
  to   space 22528K, 0% used [0x00000000e3b00000,0x00000000e3b00000,0x00000000e5100000)
 ParOldGen       total 121856K, used 32731K [0x0000000080000000, 0x0000000087700000, 0x00000000d5580000)
  object space 121856K, 26% used [0x0000000080000000,0x0000000081ff6f28,0x0000000087700000)
 Metaspace       used 56919K, capacity 58984K, committed 59160K, reserved 1099776K
  class space    used 7671K, capacity 8121K, committed 8232K, reserved 1048576K
}
Event: 30.378 GC heap before
{Heap before GC invocations=14 (full 3):
 PSYoungGen      total 253952K, used 235008K [0x00000000d5580000, 0x00000000e6d00000, 0x0000000100000000)
  eden space 235008K, 100% used [0x00000000d5580000,0x00000000e3b00000,0x00000000e3b00000)
  from space 18944K, 0% used [0x00000000e5100000,0x00000000e5100000,0x00000000e6380000)
  to   space 22528K, 0% used [0x00000000e3b00000,0x00000000e3b00000,0x00000000e5100000)
 ParOldGen       total 121856K, used 32731K [0x0000000080000000, 0x0000000087700000, 0x00000000d5580000)
  object space 121856K, 26% used [0x0000000080000000,0x0000000081ff6f28,0x0000000087700000)
 Metaspace       used 67656K, capacity 70348K, committed 70424K, reserved 1110016K
  class space    used 9196K, capacity 9745K, committed 9768K, reserved 1048576K
Event: 30.429 GC heap after
Heap after GC invocations=14 (full 3):
 PSYoungGen      total 257536K, used 22146K [0x00000000d5580000, 0x00000000e9f80000, 0x0000000100000000)
  eden space 235008K, 0% used [0x00000000d5580000,0x00000000d5580000,0x00000000e3b00000)
  from space 22528K, 98% used [0x00000000e3b00000,0x00000000e50a0988,0x00000000e5100000)
  to   space 25600K, 0% used [0x00000000e8680000,0x00000000e8680000,0x00000000e9f80000)
 ParOldGen       total 121856K, used 32739K [0x0000000080000000, 0x0000000087700000, 0x00000000d5580000)
  object space 121856K, 26% used [0x0000000080000000,0x0000000081ff8f28,0x0000000087700000)
 Metaspace       used 67656K, capacity 70348K, committed 70424K, reserved 1110016K
  class space    used 9196K, capacity 9745K, committed 9768K, reserved 1048576K
}
Event: 104.173 GC heap before
{Heap before GC invocations=15 (full 3):
 PSYoungGen      total 257536K, used 257154K [0x00000000d5580000, 0x00000000e9f80000, 0x0000000100000000)
  eden space 235008K, 100% used [0x00000000d5580000,0x00000000e3b00000,0x00000000e3b00000)
  from space 22528K, 98% used [0x00000000e3b00000,0x00000000e50a0988,0x00000000e5100000)
  to   space 25600K, 0% used [0x00000000e8680000,0x00000000e8680000,0x00000000e9f80000)
 ParOldGen       total 121856K, used 32739K [0x0000000080000000, 0x0000000087700000, 0x00000000d5580000)
  object space 121856K, 26% used [0x0000000080000000,0x0000000081ff8f28,0x0000000087700000)
 Metaspace       used 77507K, capacity 80748K, committed 80920K, reserved 1120256K
  class space    used 10318K, capacity 10933K, committed 11048K, reserved 1048576K
Event: 104.253 GC heap after
Heap after GC invocations=15 (full 3):
 PSYoungGen      total 304128K, used 25577K [0x00000000d5580000, 0x00000000ea480000, 0x0000000100000000)
  eden space 278528K, 0% used [0x00000000d5580000,0x00000000d5580000,0x00000000e6580000)
  from space 25600K, 99% used [0x00000000e8680000,0x00000000e9f7a4f0,0x00000000e9f80000)
  to   space 32256K, 0% used [0x00000000e6580000,0x00000000e6580000,0x00000000e8500000)
 ParOldGen       total 121856K, used 39875K [0x0000000080000000, 0x0000000087700000, 0x00000000d5580000)
  object space 121856K, 32% used [0x0000000080000000,0x00000000826f0cf8,0x0000000087700000)
 Metaspace       used 77507K, capacity 80748K, committed 80920K, reserved 1120256K
  class space    used 10318K, capacity 10933K, committed 11048K, reserved 1048576K
}
Event: 333.568 GC heap before
{Heap before GC invocations=16 (full 3):
 PSYoungGen      total 304128K, used 304105K [0x00000000d5580000, 0x00000000ea480000, 0x0000000100000000)
  eden space 278528K, 100% used [0x00000000d5580000,0x00000000e6580000,0x00000000e6580000)
  from space 25600K, 99% used [0x00000000e8680000,0x00000000e9f7a4f0,0x00000000e9f80000)
  to   space 32256K, 0% used [0x00000000e6580000,0x00000000e6580000,0x00000000e8500000)
 ParOldGen       total 121856K, used 39875K [0x0000000080000000, 0x0000000087700000, 0x00000000d5580000)
  object space 121856K, 32% used [0x0000000080000000,0x00000000826f0cf8,0x0000000087700000)
 Metaspace       used 88442K, capacity 92858K, committed 93080K, reserved 1130496K
  class space    used 11892K, capacity 12710K, committed 12712K, reserved 1048576K
Event: 333.748 GC heap after
Heap after GC invocations=16 (full 3):
 PSYoungGen      total 310784K, used 19060K [0x00000000d5580000, 0x00000000ece80000, 0x0000000100000000)
  eden space 278528K, 0% used [0x00000000d5580000,0x00000000d5580000,0x00000000e6580000)
  from space 32256K, 59% used [0x00000000e6580000,0x00000000e781d120,0x00000000e8500000)
  to   space 32256K, 0% used [0x00000000eaf00000,0x00000000eaf00000,0x00000000ece80000)
 ParOldGen       total 121856K, used 59244K [0x0000000080000000, 0x0000000087700000, 0x00000000d5580000)
  object space 121856K, 48% used [0x0000000080000000,0x00000000839db098,0x0000000087700000)
 Metaspace       used 88442K, capacity 92858K, committed 93080K, reserved 1130496K
  class space    used 11892K, capacity 12710K, committed 12712K, reserved 1048576K
}

