# JRE version: OpenJDK Runtime Environment (8.0_242-b01) (build 1.8.0_242-release-1644-b01)
# Java VM: OpenJDK 64-Bit Server VM (25.242-b01 mixed mode windows-amd64 compressed oops)
Heap:
 PSYoungGen      total 203264K, used 47391K [0x00000000d5580000, 0x00000000e5e80000, 0x0000000100000000)
  eden space 189440K, 17% used [0x00000000d5580000,0x00000000d7648878,0x00000000e0e80000)
  from space 13824K, 99% used [0x00000000e0e80000,0x00000000e1bff548,0x00000000e1c00000)
  to   space 18944K, 0% used [0x00000000e4c00000,0x00000000e4c00000,0x00000000e5e80000)
 ParOldGen       total 81408K, used 24017K [0x0000000080000000, 0x0000000084f80000, 0x00000000d5580000)
  object space 81408K, 29% used [0x0000000080000000,0x0000000081774700,0x0000000084f80000)
 Metaspace       used 52154K, capacity 53962K, committed 54184K, reserved 1095680K
  class space    used 6930K, capacity 7328K, committed 7336K, reserved 1048576K
GC Heap History (10 events):
Event: 10.350 GC heap before
{Heap before GC invocations=7 (full 1):
 PSYoungGen      total 124928K, used 7501K [0x00000000d5580000, 0x00000000ddb80000, 0x0000000100000000)
  eden space 114176K, 0% used [0x00000000d5580000,0x00000000d5580000,0x00000000dc500000)
  from space 10752K, 69% used [0x00000000dd000000,0x00000000dd7534f8,0x00000000dda80000)
  to   space 11264K, 0% used [0x00000000dc500000,0x00000000dc500000,0x00000000dd000000)
 ParOldGen       total 76800K, used 8115K [0x0000000080000000, 0x0000000084b00000, 0x00000000d5580000)
  object space 76800K, 10% used [0x0000000080000000,0x00000000807ece58,0x0000000084b00000)
 Metaspace       used 20581K, capacity 21236K, committed 21296K, reserved 1067008K
  class space    used 2874K, capacity 3088K, committed 3120K, reserved 1048576K
Event: 10.436 GC heap after
Heap after GC invocations=7 (full 1):
 PSYoungGen      total 124928K, used 0K [0x00000000d5580000, 0x00000000ddb80000, 0x0000000100000000)
  eden space 114176K, 0% used [0x00000000d5580000,0x00000000d5580000,0x00000000dc500000)
  from space 10752K, 0% used [0x00000000dd000000,0x00000000dd000000,0x00000000dda80000)
  to   space 11264K, 0% used [0x00000000dc500000,0x00000000dc500000,0x00000000dd000000)
 ParOldGen       total 56832K, used 13182K [0x0000000080000000, 0x0000000083780000, 0x00000000d5580000)
  object space 56832K, 23% used [0x0000000080000000,0x0000000080cdfb88,0x0000000083780000)
 Metaspace       used 20581K, capacity 21236K, committed 21296K, reserved 1067008K
  class space    used 2874K, capacity 3088K, committed 3120K, reserved 1048576K
}
Event: 13.453 GC heap before
{Heap before GC invocations=8 (full 1):
 PSYoungGen      total 124928K, used 114176K [0x00000000d5580000, 0x00000000ddb80000, 0x0000000100000000)
  eden space 114176K, 100% used [0x00000000d5580000,0x00000000dc500000,0x00000000dc500000)
  from space 10752K, 0% used [0x00000000dd000000,0x00000000dd000000,0x00000000dda80000)
  to   space 11264K, 0% used [0x00000000dc500000,0x00000000dc500000,0x00000000dd000000)
 ParOldGen       total 56832K, used 13182K [0x0000000080000000, 0x0000000083780000, 0x00000000d5580000)
  object space 56832K, 23% used [0x0000000080000000,0x0000000080cdfb88,0x0000000083780000)
 Metaspace       used 31788K, capacity 32598K, committed 32816K, reserved 1077248K
  class space    used 4311K, capacity 4544K, committed 4656K, reserved 1048576K
Event: 13.496 GC heap after
Heap after GC invocations=8 (full 1):
 PSYoungGen      total 125440K, used 11234K [0x00000000d5580000, 0x00000000e2980000, 0x0000000100000000)
  eden space 114176K, 0% used [0x00000000d5580000,0x00000000d5580000,0x00000000dc500000)
  from space 11264K, 99% used [0x00000000dc500000,0x00000000dcff8b40,0x00000000dd000000)
  to   space 13824K, 0% used [0x00000000e1c00000,0x00000000e1c00000,0x00000000e2980000)
 ParOldGen       total 56832K, used 14323K [0x0000000080000000, 0x0000000083780000, 0x00000000d5580000)
  object space 56832K, 25% used [0x0000000080000000,0x0000000080dfcd68,0x0000000083780000)
 Metaspace       used 31788K, capacity 32598K, committed 32816K, reserved 1077248K
  class space    used 4311K, capacity 4544K, committed 4656K, reserved 1048576K
}
Event: 14.689 GC heap before
{Heap before GC invocations=9 (full 1):
 PSYoungGen      total 125440K, used 78347K [0x00000000d5580000, 0x00000000e2980000, 0x0000000100000000)
  eden space 114176K, 58% used [0x00000000d5580000,0x00000000d970a1d0,0x00000000dc500000)
  from space 11264K, 99% used [0x00000000dc500000,0x00000000dcff8b40,0x00000000dd000000)
  to   space 13824K, 0% used [0x00000000e1c00000,0x00000000e1c00000,0x00000000e2980000)
 ParOldGen       total 56832K, used 14323K [0x0000000080000000, 0x0000000083780000, 0x00000000d5580000)
  object space 56832K, 25% used [0x0000000080000000,0x0000000080dfcd68,0x0000000083780000)
 Metaspace       used 34412K, capacity 35354K, committed 35496K, reserved 1079296K
  class space    used 4711K, capacity 4938K, committed 5032K, reserved 1048576K
Event: 14.717 GC heap after
Heap after GC invocations=9 (full 1):
 PSYoungGen      total 203264K, used 9554K [0x00000000d5580000, 0x00000000e2b80000, 0x0000000100000000)
  eden space 189440K, 0% used [0x00000000d5580000,0x00000000d5580000,0x00000000e0e80000)
  from space 13824K, 69% used [0x00000000e1c00000,0x00000000e2554818,0x00000000e2980000)
  to   space 13824K, 0% used [0x00000000e0e80000,0x00000000e0e80000,0x00000000e1c00000)
 ParOldGen       total 56832K, used 14331K [0x0000000080000000, 0x0000000083780000, 0x00000000d5580000)
  object space 56832K, 25% used [0x0000000080000000,0x0000000080dfed68,0x0000000083780000)
 Metaspace       used 34412K, capacity 35354K, committed 35496K, reserved 1079296K
  class space    used 4711K, capacity 4938K, committed 5032K, reserved 1048576K
}
Event: 14.717 GC heap before
{Heap before GC invocations=10 (full 2):
 PSYoungGen      total 203264K, used 9554K [0x00000000d5580000, 0x00000000e2b80000, 0x0000000100000000)
  eden space 189440K, 0% used [0x00000000d5580000,0x00000000d5580000,0x00000000e0e80000)
  from space 13824K, 69% used [0x00000000e1c00000,0x00000000e2554818,0x00000000e2980000)
  to   space 13824K, 0% used [0x00000000e0e80000,0x00000000e0e80000,0x00000000e1c00000)
 ParOldGen       total 56832K, used 14331K [0x0000000080000000, 0x0000000083780000, 0x00000000d5580000)
  object space 56832K, 25% used [0x0000000080000000,0x0000000080dfed68,0x0000000083780000)
 Metaspace       used 34412K, capacity 35354K, committed 35496K, reserved 1079296K
  class space    used 4711K, capacity 4938K, committed 5032K, reserved 1048576K
Event: 14.891 GC heap after
Heap after GC invocations=10 (full 2):
 PSYoungGen      total 203264K, used 0K [0x00000000d5580000, 0x00000000e2b80000, 0x0000000100000000)
  eden space 189440K, 0% used [0x00000000d5580000,0x00000000d5580000,0x00000000e0e80000)
  from space 13824K, 0% used [0x00000000e1c00000,0x00000000e1c00000,0x00000000e2980000)
  to   space 13824K, 0% used [0x00000000e0e80000,0x00000000e0e80000,0x00000000e1c00000)
 ParOldGen       total 81408K, used 16077K [0x0000000080000000, 0x0000000084f80000, 0x00000000d5580000)
  object space 81408K, 19% used [0x0000000080000000,0x0000000080fb3478,0x0000000084f80000)
 Metaspace       used 34412K, capacity 35354K, committed 35496K, reserved 1079296K
  class space    used 4711K, capacity 4938K, committed 5032K, reserved 1048576K
}
Event: 21.968 GC heap before
{Heap before GC invocations=11 (full 2):
 PSYoungGen      total 203264K, used 189440K [0x00000000d5580000, 0x00000000e2b80000, 0x0000000100000000)
  eden space 189440K, 100% used [0x00000000d5580000,0x00000000e0e80000,0x00000000e0e80000)
  from space 13824K, 0% used [0x00000000e1c00000,0x00000000e1c00000,0x00000000e2980000)
  to   space 13824K, 0% used [0x00000000e0e80000,0x00000000e0e80000,0x00000000e1c00000)
 ParOldGen       total 81408K, used 16077K [0x0000000080000000, 0x0000000084f80000, 0x00000000d5580000)
  object space 81408K, 19% used [0x0000000080000000,0x0000000080fb3478,0x0000000084f80000)
 Metaspace       used 51068K, capacity 52748K, committed 53032K, reserved 1095680K
  class space    used 6765K, capacity 7120K, committed 7208K, reserved 1048576K
Event: 22.018 GC heap after
Heap after GC invocations=11 (full 2):
 PSYoungGen      total 203264K, used 13821K [0x00000000d5580000, 0x00000000e5e80000, 0x0000000100000000)
  eden space 189440K, 0% used [0x00000000d5580000,0x00000000d5580000,0x00000000e0e80000)
  from space 13824K, 99% used [0x00000000e0e80000,0x00000000e1bff548,0x00000000e1c00000)
  to   space 18944K, 0% used [0x00000000e4c00000,0x00000000e4c00000,0x00000000e5e80000)
 ParOldGen       total 81408K, used 24017K [0x0000000080000000, 0x0000000084f80000, 0x00000000d5580000)
  object space 81408K, 29% used [0x0000000080000000,0x0000000081774700,0x0000000084f80000)
 Metaspace       used 51068K, capacity 52748K, committed 53032K, reserved 1095680K
  class space    used 6765K, capacity 7120K, committed 7208K, reserved 1048576K
}

