# JRE version: OpenJDK Runtime Environment (8.0_242-b01) (build 1.8.0_242-release-1644-b01)
# Java VM: OpenJDK 64-Bit Server VM (25.242-b01 mixed mode windows-amd64 compressed oops)
Heap:
 PSYoungGen      total 199168K, used 60926K [0x00000000d5580000, 0x00000000e2880000, 0x0000000100000000)
  eden space 185856K, 32% used [0x00000000d5580000,0x00000000d90ffa60,0x00000000e0b00000)
  from space 13312K, 0% used [0x00000000e1880000,0x00000000e1880000,0x00000000e2580000)
  to   space 13824K, 0% used [0x00000000e0b00000,0x00000000e0b00000,0x00000000e1880000)
 ParOldGen       total 56320K, used 16168K [0x0000000080000000, 0x0000000083700000, 0x00000000d5580000)
  object space 56320K, 28% used [0x0000000080000000,0x0000000080fca2c0,0x0000000083700000)
 Metaspace       used 37619K, capacity 39018K, committed 39256K, reserved 1087488K
  class space    used 5149K, capacity 5476K, committed 5504K, reserved 1048576K
GC Heap History (10 events):
Event: 13.861 GC heap before
{Heap before GC invocations=6 (full 0):
 PSYoungGen      total 61952K, used 32045K [0x00000000d5580000, 0x00000000dda80000, 0x0000000100000000)
  eden space 57344K, 47% used [0x00000000d5580000,0x00000000d704b658,0x00000000d8d80000)
  from space 4608K, 100% used [0x00000000d8d80000,0x00000000d9200000,0x00000000d9200000)
  to   space 10752K, 0% used [0x00000000dd000000,0x00000000dd000000,0x00000000dda80000)
 ParOldGen       total 76800K, used 7984K [0x0000000080000000, 0x0000000084b00000, 0x00000000d5580000)
  object space 76800K, 10% used [0x0000000080000000,0x00000000807cc358,0x0000000084b00000)
 Metaspace       used 20536K, capacity 21208K, committed 21248K, reserved 1067008K
  class space    used 2865K, capacity 3056K, committed 3072K, reserved 1048576K
Event: 13.903 GC heap after
Heap after GC invocations=6 (full 0):
 PSYoungGen      total 124928K, used 7513K [0x00000000d5580000, 0x00000000ddb80000, 0x0000000100000000)
  eden space 114176K, 0% used [0x00000000d5580000,0x00000000d5580000,0x00000000dc500000)
  from space 10752K, 69% used [0x00000000dd000000,0x00000000dd756508,0x00000000dda80000)
  to   space 11264K, 0% used [0x00000000dc500000,0x00000000dc500000,0x00000000dd000000)
 ParOldGen       total 76800K, used 7984K [0x0000000080000000, 0x0000000084b00000, 0x00000000d5580000)
  object space 76800K, 10% used [0x0000000080000000,0x00000000807cc358,0x0000000084b00000)
 Metaspace       used 20536K, capacity 21208K, committed 21248K, reserved 1067008K
  class space    used 2865K, capacity 3056K, committed 3072K, reserved 1048576K
}
Event: 13.903 GC heap before
{Heap before GC invocations=7 (full 1):
 PSYoungGen      total 124928K, used 7513K [0x00000000d5580000, 0x00000000ddb80000, 0x0000000100000000)
  eden space 114176K, 0% used [0x00000000d5580000,0x00000000d5580000,0x00000000dc500000)
  from space 10752K, 69% used [0x00000000dd000000,0x00000000dd756508,0x00000000dda80000)
  to   space 11264K, 0% used [0x00000000dc500000,0x00000000dc500000,0x00000000dd000000)
 ParOldGen       total 76800K, used 7984K [0x0000000080000000, 0x0000000084b00000, 0x00000000d5580000)
  object space 76800K, 10% used [0x0000000080000000,0x00000000807cc358,0x0000000084b00000)
 Metaspace       used 20536K, capacity 21208K, committed 21248K, reserved 1067008K
  class space    used 2865K, capacity 3056K, committed 3072K, reserved 1048576K
Event: 14.038 GC heap after
Heap after GC invocations=7 (full 1):
 PSYoungGen      total 124928K, used 0K [0x00000000d5580000, 0x00000000ddb80000, 0x0000000100000000)
  eden space 114176K, 0% used [0x00000000d5580000,0x00000000d5580000,0x00000000dc500000)
  from space 10752K, 0% used [0x00000000dd000000,0x00000000dd000000,0x00000000dda80000)
  to   space 11264K, 0% used [0x00000000dc500000,0x00000000dc500000,0x00000000dd000000)
 ParOldGen       total 56320K, used 13049K [0x0000000080000000, 0x0000000083700000, 0x00000000d5580000)
  object space 56320K, 23% used [0x0000000080000000,0x0000000080cbe6e8,0x0000000083700000)
 Metaspace       used 20536K, capacity 21208K, committed 21248K, reserved 1067008K
  class space    used 2865K, capacity 3056K, committed 3072K, reserved 1048576K
}
Event: 20.261 GC heap before
{Heap before GC invocations=8 (full 1):
 PSYoungGen      total 124928K, used 114176K [0x00000000d5580000, 0x00000000ddb80000, 0x0000000100000000)
  eden space 114176K, 100% used [0x00000000d5580000,0x00000000dc500000,0x00000000dc500000)
  from space 10752K, 0% used [0x00000000dd000000,0x00000000dd000000,0x00000000dda80000)
  to   space 11264K, 0% used [0x00000000dc500000,0x00000000dc500000,0x00000000dd000000)
 ParOldGen       total 56320K, used 13049K [0x0000000080000000, 0x0000000083700000, 0x00000000d5580000)
  object space 56320K, 23% used [0x0000000080000000,0x0000000080cbe6e8,0x0000000083700000)
 Metaspace       used 31841K, capacity 32656K, committed 32768K, reserved 1077248K
  class space    used 4314K, capacity 4542K, committed 4608K, reserved 1048576K
Event: 20.295 GC heap after
Heap after GC invocations=8 (full 1):
 PSYoungGen      total 125440K, used 11249K [0x00000000d5580000, 0x00000000e2580000, 0x0000000100000000)
  eden space 114176K, 0% used [0x00000000d5580000,0x00000000d5580000,0x00000000dc500000)
  from space 11264K, 99% used [0x00000000dc500000,0x00000000dcffc430,0x00000000dd000000)
  to   space 13312K, 0% used [0x00000000e1880000,0x00000000e1880000,0x00000000e2580000)
 ParOldGen       total 56320K, used 14024K [0x0000000080000000, 0x0000000083700000, 0x00000000d5580000)
  object space 56320K, 24% used [0x0000000080000000,0x0000000080db2008,0x0000000083700000)
 Metaspace       used 31841K, capacity 32656K, committed 32768K, reserved 1077248K
  class space    used 4314K, capacity 4542K, committed 4608K, reserved 1048576K
}
Event: 24.563 GC heap before
{Heap before GC invocations=9 (full 1):
 PSYoungGen      total 125440K, used 78530K [0x00000000d5580000, 0x00000000e2580000, 0x0000000100000000)
  eden space 114176K, 58% used [0x00000000d5580000,0x00000000d97345d8,0x00000000dc500000)
  from space 11264K, 99% used [0x00000000dc500000,0x00000000dcffc430,0x00000000dd000000)
  to   space 13312K, 0% used [0x00000000e1880000,0x00000000e1880000,0x00000000e2580000)
 ParOldGen       total 56320K, used 14024K [0x0000000080000000, 0x0000000083700000, 0x00000000d5580000)
  object space 56320K, 24% used [0x0000000080000000,0x0000000080db2008,0x0000000083700000)
 Metaspace       used 34488K, capacity 35386K, committed 35416K, reserved 1079296K
  class space    used 4719K, capacity 4970K, committed 4992K, reserved 1048576K
Event: 24.656 GC heap after
Heap after GC invocations=9 (full 1):
 PSYoungGen      total 199168K, used 9660K [0x00000000d5580000, 0x00000000e2880000, 0x0000000100000000)
  eden space 185856K, 0% used [0x00000000d5580000,0x00000000d5580000,0x00000000e0b00000)
  from space 13312K, 72% used [0x00000000e1880000,0x00000000e21ef2d0,0x00000000e2580000)
  to   space 13824K, 0% used [0x00000000e0b00000,0x00000000e0b00000,0x00000000e1880000)
 ParOldGen       total 56320K, used 14032K [0x0000000080000000, 0x0000000083700000, 0x00000000d5580000)
  object space 56320K, 24% used [0x0000000080000000,0x0000000080db4008,0x0000000083700000)
 Metaspace       used 34488K, capacity 35386K, committed 35416K, reserved 1079296K
  class space    used 4719K, capacity 4970K, committed 4992K, reserved 1048576K
}
Event: 24.656 GC heap before
{Heap before GC invocations=10 (full 2):
 PSYoungGen      total 199168K, used 9660K [0x00000000d5580000, 0x00000000e2880000, 0x0000000100000000)
  eden space 185856K, 0% used [0x00000000d5580000,0x00000000d5580000,0x00000000e0b00000)
  from space 13312K, 72% used [0x00000000e1880000,0x00000000e21ef2d0,0x00000000e2580000)
  to   space 13824K, 0% used [0x00000000e0b00000,0x00000000e0b00000,0x00000000e1880000)
 ParOldGen       total 56320K, used 14032K [0x0000000080000000, 0x0000000083700000, 0x00000000d5580000)
  object space 56320K, 24% used [0x0000000080000000,0x0000000080db4008,0x0000000083700000)
 Metaspace       used 34488K, capacity 35386K, committed 35416K, reserved 1079296K
  class space    used 4719K, capacity 4970K, committed 4992K, reserved 1048576K
Event: 24.990 GC heap after
Heap after GC invocations=10 (full 2):
 PSYoungGen      total 199168K, used 0K [0x00000000d5580000, 0x00000000e2880000, 0x0000000100000000)
  eden space 185856K, 0% used [0x00000000d5580000,0x00000000d5580000,0x00000000e0b00000)
  from space 13312K, 0% used [0x00000000e1880000,0x00000000e1880000,0x00000000e2580000)
  to   space 13824K, 0% used [0x00000000e0b00000,0x00000000e0b00000,0x00000000e1880000)
 ParOldGen       total 56320K, used 16168K [0x0000000080000000, 0x0000000083700000, 0x00000000d5580000)
  object space 56320K, 28% used [0x0000000080000000,0x0000000080fca2c0,0x0000000083700000)
 Metaspace       used 34488K, capacity 35386K, committed 35416K, reserved 1079296K
  class space    used 4719K, capacity 4970K, committed 4992K, reserved 1048576K
}

