# JRE version: OpenJDK Runtime Environment (8.0_242-b01) (build 1.8.0_242-release-1644-b01)
# Java VM: OpenJDK 64-Bit Server VM (25.242-b01 mixed mode windows-amd64 compressed oops)
Heap:
 PSYoungGen      total 308736K, used 44929K [0x00000000d5580000, 0x00000000ede80000, 0x0000000100000000)
  eden space 287232K, 15% used [0x00000000d5580000,0x00000000d81604d8,0x00000000e6e00000)
  from space 21504K, 0% used [0x00000000e6e00000,0x00000000e6e00000,0x00000000e8300000)
  to   space 24064K, 0% used [0x00000000ec700000,0x00000000ec700000,0x00000000ede80000)
 ParOldGen       total 136192K, used 31391K [0x0000000080000000, 0x0000000088500000, 0x00000000d5580000)
  object space 136192K, 23% used [0x0000000080000000,0x0000000081ea7f58,0x0000000088500000)
 Metaspace       used 59400K, capacity 61482K, committed 61592K, reserved 1101824K
  class space    used 8107K, capacity 8594K, committed 8616K, reserved 1048576K
GC Heap History (10 events):
Event: 20.630 GC heap before
{Heap before GC invocations=8 (full 1):
 PSYoungGen      total 196608K, used 79466K [0x00000000d5580000, 0x00000000e4d80000, 0x0000000100000000)
  eden space 184320K, 36% used [0x00000000d5580000,0x00000000d9720998,0x00000000e0980000)
  from space 12288K, 99% used [0x00000000e4180000,0x00000000e4d7a038,0x00000000e4d80000)
  to   space 14336K, 0% used [0x00000000e3180000,0x00000000e3180000,0x00000000e3f80000)
 ParOldGen       total 59904K, used 13493K [0x0000000080000000, 0x0000000083a80000, 0x00000000d5580000)
  object space 59904K, 22% used [0x0000000080000000,0x0000000080d2d4b0,0x0000000083a80000)
 Metaspace       used 34457K, capacity 35354K, committed 35496K, reserved 1079296K
  class space    used 4718K, capacity 4938K, committed 5032K, reserved 1048576K
Event: 20.660 GC heap after
Heap after GC invocations=8 (full 1):
 PSYoungGen      total 239616K, used 9618K [0x00000000d5580000, 0x00000000e9180000, 0x0000000100000000)
  eden space 225280K, 0% used [0x00000000d5580000,0x00000000d5580000,0x00000000e3180000)
  from space 14336K, 67% used [0x00000000e3180000,0x00000000e3ae4818,0x00000000e3f80000)
  to   space 14848K, 0% used [0x00000000e8300000,0x00000000e8300000,0x00000000e9180000)
 ParOldGen       total 59904K, used 13501K [0x0000000080000000, 0x0000000083a80000, 0x00000000d5580000)
  object space 59904K, 22% used [0x0000000080000000,0x0000000080d2f4b0,0x0000000083a80000)
 Metaspace       used 34457K, capacity 35354K, committed 35496K, reserved 1079296K
  class space    used 4718K, capacity 4938K, committed 5032K, reserved 1048576K
}
Event: 20.660 GC heap before
{Heap before GC invocations=9 (full 2):
 PSYoungGen      total 239616K, used 9618K [0x00000000d5580000, 0x00000000e9180000, 0x0000000100000000)
  eden space 225280K, 0% used [0x00000000d5580000,0x00000000d5580000,0x00000000e3180000)
  from space 14336K, 67% used [0x00000000e3180000,0x00000000e3ae4818,0x00000000e3f80000)
  to   space 14848K, 0% used [0x00000000e8300000,0x00000000e8300000,0x00000000e9180000)
 ParOldGen       total 59904K, used 13501K [0x0000000080000000, 0x0000000083a80000, 0x00000000d5580000)
  object space 59904K, 22% used [0x0000000080000000,0x0000000080d2f4b0,0x0000000083a80000)
 Metaspace       used 34457K, capacity 35354K, committed 35496K, reserved 1079296K
  class space    used 4718K, capacity 4938K, committed 5032K, reserved 1048576K
Event: 21.022 GC heap after
Heap after GC invocations=9 (full 2):
 PSYoungGen      total 239616K, used 0K [0x00000000d5580000, 0x00000000e9180000, 0x0000000100000000)
  eden space 225280K, 0% used [0x00000000d5580000,0x00000000d5580000,0x00000000e3180000)
  from space 14336K, 0% used [0x00000000e3180000,0x00000000e3180000,0x00000000e3f80000)
  to   space 14848K, 0% used [0x00000000e8300000,0x00000000e8300000,0x00000000e9180000)
 ParOldGen       total 89600K, used 16164K [0x0000000080000000, 0x0000000085780000, 0x00000000d5580000)
  object space 89600K, 18% used [0x0000000080000000,0x0000000080fc9188,0x0000000085780000)
 Metaspace       used 34457K, capacity 35354K, committed 35496K, reserved 1079296K
  class space    used 4718K, capacity 4938K, committed 5032K, reserved 1048576K
}
Event: 32.079 GC heap before
{Heap before GC invocations=10 (full 2):
 PSYoungGen      total 239616K, used 225280K [0x00000000d5580000, 0x00000000e9180000, 0x0000000100000000)
  eden space 225280K, 100% used [0x00000000d5580000,0x00000000e3180000,0x00000000e3180000)
  from space 14336K, 0% used [0x00000000e3180000,0x00000000e3180000,0x00000000e3f80000)
  to   space 14848K, 0% used [0x00000000e8300000,0x00000000e8300000,0x00000000e9180000)
 ParOldGen       total 89600K, used 16164K [0x0000000080000000, 0x0000000085780000, 0x00000000d5580000)
  object space 89600K, 18% used [0x0000000080000000,0x0000000080fc9188,0x0000000085780000)
 Metaspace       used 52783K, capacity 54636K, committed 54824K, reserved 1097728K
  class space    used 7016K, capacity 7443K, committed 7464K, reserved 1048576K
Event: 32.160 GC heap after
Heap after GC invocations=10 (full 2):
 PSYoungGen      total 302080K, used 14847K [0x00000000d5580000, 0x00000000e9f80000, 0x0000000100000000)
  eden space 287232K, 0% used [0x00000000d5580000,0x00000000d5580000,0x00000000e6e00000)
  from space 14848K, 99% used [0x00000000e8300000,0x00000000e917fed0,0x00000000e9180000)
  to   space 21504K, 0% used [0x00000000e6e00000,0x00000000e6e00000,0x00000000e8300000)
 ParOldGen       total 89600K, used 27089K [0x0000000080000000, 0x0000000085780000, 0x00000000d5580000)
  object space 89600K, 30% used [0x0000000080000000,0x0000000081a74668,0x0000000085780000)
 Metaspace       used 52783K, capacity 54636K, committed 54824K, reserved 1097728K
  class space    used 7016K, capacity 7443K, committed 7464K, reserved 1048576K
}
Event: 34.504 GC heap before
{Heap before GC invocations=11 (full 2):
 PSYoungGen      total 302080K, used 61872K [0x00000000d5580000, 0x00000000e9f80000, 0x0000000100000000)
  eden space 287232K, 16% used [0x00000000d5580000,0x00000000d836c440,0x00000000e6e00000)
  from space 14848K, 99% used [0x00000000e8300000,0x00000000e917fed0,0x00000000e9180000)
  to   space 21504K, 0% used [0x00000000e6e00000,0x00000000e6e00000,0x00000000e8300000)
 ParOldGen       total 89600K, used 27089K [0x0000000080000000, 0x0000000085780000, 0x00000000d5580000)
  object space 89600K, 30% used [0x0000000080000000,0x0000000081a74668,0x0000000085780000)
 Metaspace       used 56967K, capacity 58988K, committed 59160K, reserved 1099776K
  class space    used 7678K, capacity 8123K, committed 8232K, reserved 1048576K
Event: 34.575 GC heap after
Heap after GC invocations=11 (full 2):
 PSYoungGen      total 308736K, used 18804K [0x00000000d5580000, 0x00000000ede80000, 0x0000000100000000)
  eden space 287232K, 0% used [0x00000000d5580000,0x00000000d5580000,0x00000000e6e00000)
  from space 21504K, 87% used [0x00000000e6e00000,0x00000000e805d360,0x00000000e8300000)
  to   space 24064K, 0% used [0x00000000ec700000,0x00000000ec700000,0x00000000ede80000)
 ParOldGen       total 89600K, used 27097K [0x0000000080000000, 0x0000000085780000, 0x00000000d5580000)
  object space 89600K, 30% used [0x0000000080000000,0x0000000081a76668,0x0000000085780000)
 Metaspace       used 56967K, capacity 58988K, committed 59160K, reserved 1099776K
  class space    used 7678K, capacity 8123K, committed 8232K, reserved 1048576K
}
Event: 34.575 GC heap before
{Heap before GC invocations=12 (full 3):
 PSYoungGen      total 308736K, used 18804K [0x00000000d5580000, 0x00000000ede80000, 0x0000000100000000)
  eden space 287232K, 0% used [0x00000000d5580000,0x00000000d5580000,0x00000000e6e00000)
  from space 21504K, 87% used [0x00000000e6e00000,0x00000000e805d360,0x00000000e8300000)
  to   space 24064K, 0% used [0x00000000ec700000,0x00000000ec700000,0x00000000ede80000)
 ParOldGen       total 89600K, used 27097K [0x0000000080000000, 0x0000000085780000, 0x00000000d5580000)
  object space 89600K, 30% used [0x0000000080000000,0x0000000081a76668,0x0000000085780000)
 Metaspace       used 56967K, capacity 58988K, committed 59160K, reserved 1099776K
  class space    used 7678K, capacity 8123K, committed 8232K, reserved 1048576K
Event: 35.357 GC heap after
Heap after GC invocations=12 (full 3):
 PSYoungGen      total 308736K, used 0K [0x00000000d5580000, 0x00000000ede80000, 0x0000000100000000)
  eden space 287232K, 0% used [0x00000000d5580000,0x00000000d5580000,0x00000000e6e00000)
  from space 21504K, 0% used [0x00000000e6e00000,0x00000000e6e00000,0x00000000e8300000)
  to   space 24064K, 0% used [0x00000000ec700000,0x00000000ec700000,0x00000000ede80000)
 ParOldGen       total 136192K, used 31391K [0x0000000080000000, 0x0000000088500000, 0x00000000d5580000)
  object space 136192K, 23% used [0x0000000080000000,0x0000000081ea7f58,0x0000000088500000)
 Metaspace       used 56964K, capacity 58976K, committed 59160K, reserved 1099776K
  class space    used 7676K, capacity 8121K, committed 8232K, reserved 1048576K
}

