# JRE version: OpenJDK Runtime Environment (8.0_242-b01) (build 1.8.0_242-release-1644-b01)
# Java VM: OpenJDK 64-Bit Server VM (25.242-b01 mixed mode windows-amd64 compressed oops)
Heap:
 PSYoungGen      total 524288K, used 278286K [0x00000000d5580000, 0x00000000f7700000, 0x0000000100000000)
  eden space 509440K, 52% used [0x00000000d5580000,0x00000000e5a9cff8,0x00000000f4700000)
  from space 14848K, 73% used [0x00000000f6880000,0x00000000f7326ae0,0x00000000f7700000)
  to   space 24576K, 0% used [0x00000000f4700000,0x00000000f4700000,0x00000000f5f00000)
 ParOldGen       total 107008K, used 82357K [0x0000000080000000, 0x0000000086880000, 0x00000000d5580000)
  object space 107008K, 76% used [0x0000000080000000,0x000000008506d718,0x0000000086880000)
 Metaspace       used 81355K, capacity 85222K, committed 85336K, reserved 1122304K
  class space    used 10900K, capacity 11636K, committed 11648K, reserved 1048576K
GC Heap History (10 events):
Event: 104.332 GC heap before
{Heap before GC invocations=23 (full 3):
 PSYoungGen      total 358912K, used 334592K [0x00000000d5580000, 0x00000000f0880000, 0x0000000100000000)
  eden space 330752K, 100% used [0x00000000d5580000,0x00000000e9880000,0x00000000e9880000)
  from space 28160K, 13% used [0x00000000e9880000,0x00000000e9c40010,0x00000000eb400000)
  to   space 27648K, 0% used [0x00000000eed80000,0x00000000eed80000,0x00000000f0880000)
 ParOldGen       total 107008K, used 82357K [0x0000000080000000, 0x0000000086880000, 0x00000000d5580000)
  object space 107008K, 76% used [0x0000000080000000,0x000000008506d718,0x0000000086880000)
 Metaspace       used 80153K, capacity 83838K, committed 83928K, reserved 1122304K
  class space    used 10778K, capacity 11486K, committed 11520K, reserved 1048576K
Event: 104.455 GC heap after
Heap after GC invocations=23 (full 3):
 PSYoungGen      total 416768K, used 8949K [0x00000000d5580000, 0x00000000f0680000, 0x0000000100000000)
  eden space 391168K, 0% used [0x00000000d5580000,0x00000000d5580000,0x00000000ed380000)
  from space 25600K, 34% used [0x00000000eed80000,0x00000000ef63d6a8,0x00000000f0680000)
  to   space 26112K, 0% used [0x00000000ed380000,0x00000000ed380000,0x00000000eed00000)
 ParOldGen       total 107008K, used 82357K [0x0000000080000000, 0x0000000086880000, 0x00000000d5580000)
  object space 107008K, 76% used [0x0000000080000000,0x000000008506d718,0x0000000086880000)
 Metaspace       used 80153K, capacity 83838K, committed 83928K, reserved 1122304K
  class space    used 10778K, capacity 11486K, committed 11520K, reserved 1048576K
}
Event: 115.907 GC heap before
{Heap before GC invocations=24 (full 3):
 PSYoungGen      total 416768K, used 400117K [0x00000000d5580000, 0x00000000f0680000, 0x0000000100000000)
  eden space 391168K, 100% used [0x00000000d5580000,0x00000000ed380000,0x00000000ed380000)
  from space 25600K, 34% used [0x00000000eed80000,0x00000000ef63d6a8,0x00000000f0680000)
  to   space 26112K, 0% used [0x00000000ed380000,0x00000000ed380000,0x00000000eed00000)
 ParOldGen       total 107008K, used 82357K [0x0000000080000000, 0x0000000086880000, 0x00000000d5580000)
  object space 107008K, 76% used [0x0000000080000000,0x000000008506d718,0x0000000086880000)
 Metaspace       used 80267K, capacity 83928K, committed 84184K, reserved 1122304K
  class space    used 10786K, capacity 11489K, committed 11520K, reserved 1048576K
Event: 115.974 GC heap after
Heap after GC invocations=24 (full 3):
 PSYoungGen      total 417280K, used 13360K [0x00000000d5580000, 0x00000000f4480000, 0x0000000100000000)
  eden space 391168K, 0% used [0x00000000d5580000,0x00000000d5580000,0x00000000ed380000)
  from space 26112K, 51% used [0x00000000ed380000,0x00000000ee08c080,0x00000000eed00000)
  to   space 25600K, 0% used [0x00000000f2b80000,0x00000000f2b80000,0x00000000f4480000)
 ParOldGen       total 107008K, used 82357K [0x0000000080000000, 0x0000000086880000, 0x00000000d5580000)
  object space 107008K, 76% used [0x0000000080000000,0x000000008506d718,0x0000000086880000)
 Metaspace       used 80267K, capacity 83928K, committed 84184K, reserved 1122304K
  class space    used 10786K, capacity 11489K, committed 11520K, reserved 1048576K
}
Event: 124.129 GC heap before
{Heap before GC invocations=25 (full 3):
 PSYoungGen      total 417280K, used 404528K [0x00000000d5580000, 0x00000000f4480000, 0x0000000100000000)
  eden space 391168K, 100% used [0x00000000d5580000,0x00000000ed380000,0x00000000ed380000)
  from space 26112K, 51% used [0x00000000ed380000,0x00000000ee08c080,0x00000000eed00000)
  to   space 25600K, 0% used [0x00000000f2b80000,0x00000000f2b80000,0x00000000f4480000)
 ParOldGen       total 107008K, used 82357K [0x0000000080000000, 0x0000000086880000, 0x00000000d5580000)
  object space 107008K, 76% used [0x0000000080000000,0x000000008506d718,0x0000000086880000)
 Metaspace       used 80316K, capacity 84008K, committed 84184K, reserved 1122304K
  class space    used 10787K, capacity 11491K, committed 11520K, reserved 1048576K
Event: 124.177 GC heap after
Heap after GC invocations=25 (full 3):
 PSYoungGen      total 466944K, used 9334K [0x00000000d5580000, 0x00000000f3c80000, 0x0000000100000000)
  eden space 449536K, 0% used [0x00000000d5580000,0x00000000d5580000,0x00000000f0c80000)
  from space 17408K, 53% used [0x00000000f2b80000,0x00000000f349db00,0x00000000f3c80000)
  to   space 24576K, 0% used [0x00000000f0c80000,0x00000000f0c80000,0x00000000f2480000)
 ParOldGen       total 107008K, used 82357K [0x0000000080000000, 0x0000000086880000, 0x00000000d5580000)
  object space 107008K, 76% used [0x0000000080000000,0x000000008506d718,0x0000000086880000)
 Metaspace       used 80316K, capacity 84008K, committed 84184K, reserved 1122304K
  class space    used 10787K, capacity 11491K, committed 11520K, reserved 1048576K
}
Event: 135.290 GC heap before
{Heap before GC invocations=26 (full 3):
 PSYoungGen      total 466944K, used 458870K [0x00000000d5580000, 0x00000000f3c80000, 0x0000000100000000)
  eden space 449536K, 100% used [0x00000000d5580000,0x00000000f0c80000,0x00000000f0c80000)
  from space 17408K, 53% used [0x00000000f2b80000,0x00000000f349db00,0x00000000f3c80000)
  to   space 24576K, 0% used [0x00000000f0c80000,0x00000000f0c80000,0x00000000f2480000)
 ParOldGen       total 107008K, used 82357K [0x0000000080000000, 0x0000000086880000, 0x00000000d5580000)
  object space 107008K, 76% used [0x0000000080000000,0x000000008506d718,0x0000000086880000)
 Metaspace       used 80397K, capacity 84130K, committed 84184K, reserved 1122304K
  class space    used 10791K, capacity 11496K, committed 11520K, reserved 1048576K
Event: 135.436 GC heap after
Heap after GC invocations=26 (full 3):
 PSYoungGen      total 474112K, used 18934K [0x00000000d5580000, 0x00000000f8200000, 0x0000000100000000)
  eden space 449536K, 0% used [0x00000000d5580000,0x00000000d5580000,0x00000000f0c80000)
  from space 24576K, 77% used [0x00000000f0c80000,0x00000000f1efdbd0,0x00000000f2480000)
  to   space 26112K, 0% used [0x00000000f6880000,0x00000000f6880000,0x00000000f8200000)
 ParOldGen       total 107008K, used 82357K [0x0000000080000000, 0x0000000086880000, 0x00000000d5580000)
  object space 107008K, 76% used [0x0000000080000000,0x000000008506d718,0x0000000086880000)
 Metaspace       used 80397K, capacity 84130K, committed 84184K, reserved 1122304K
  class space    used 10791K, capacity 11496K, committed 11520K, reserved 1048576K
}
Event: 145.552 GC heap before
{Heap before GC invocations=27 (full 3):
 PSYoungGen      total 474112K, used 468470K [0x00000000d5580000, 0x00000000f8200000, 0x0000000100000000)
  eden space 449536K, 100% used [0x00000000d5580000,0x00000000f0c80000,0x00000000f0c80000)
  from space 24576K, 77% used [0x00000000f0c80000,0x00000000f1efdbd0,0x00000000f2480000)
  to   space 26112K, 0% used [0x00000000f6880000,0x00000000f6880000,0x00000000f8200000)
 ParOldGen       total 107008K, used 82357K [0x0000000080000000, 0x0000000086880000, 0x00000000d5580000)
  object space 107008K, 76% used [0x0000000080000000,0x000000008506d718,0x0000000086880000)
 Metaspace       used 80439K, capacity 84140K, committed 84184K, reserved 1122304K
  class space    used 10792K, capacity 11497K, committed 11520K, reserved 1048576K
Event: 145.587 GC heap after
Heap after GC invocations=27 (full 3):
 PSYoungGen      total 524288K, used 10906K [0x00000000d5580000, 0x00000000f7700000, 0x0000000100000000)
  eden space 509440K, 0% used [0x00000000d5580000,0x00000000d5580000,0x00000000f4700000)
  from space 14848K, 73% used [0x00000000f6880000,0x00000000f7326ae0,0x00000000f7700000)
  to   space 24576K, 0% used [0x00000000f4700000,0x00000000f4700000,0x00000000f5f00000)
 ParOldGen       total 107008K, used 82357K [0x0000000080000000, 0x0000000086880000, 0x00000000d5580000)
  object space 107008K, 76% used [0x0000000080000000,0x000000008506d718,0x0000000086880000)
 Metaspace       used 80439K, capacity 84140K, committed 84184K, reserved 1122304K
  class space    used 10792K, capacity 11497K, committed 11520K, reserved 1048576K
}

