# JRE version: OpenJDK Runtime Environment (8.0_242-b01) (build 1.8.0_242-release-1644-b01)
# Java VM: OpenJDK 64-Bit Server VM (25.242-b01 mixed mode windows-amd64 compressed oops)
Heap:
 PSYoungGen      total 33280K, used 19811K [0x00000000d5580000, 0x00000000d7a80000, 0x0000000100000000)
  eden space 28672K, 53% used [0x00000000d5580000,0x00000000d645cc38,0x00000000d7180000)
  from space 4608K, 99% used [0x00000000d7600000,0x00000000d7a7c010,0x00000000d7a80000)
  to   space 4608K, 0% used [0x00000000d7180000,0x00000000d7180000,0x00000000d7600000)
 ParOldGen       total 76800K, used 2005K [0x0000000080000000, 0x0000000084b00000, 0x00000000d5580000)
  object space 76800K, 2% used [0x0000000080000000,0x00000000801f5430,0x0000000084b00000)
 Metaspace       used 14890K, capacity 15384K, committed 15744K, reserved 1062912K
  class space    used 1962K, capacity 2094K, committed 2176K, reserved 1048576K
GC Heap History (8 events):
Event: 2.825 GC heap before
{Heap before GC invocations=1 (full 0):
 PSYoungGen      total 33280K, used 28672K [0x00000000d5580000, 0x00000000d7a80000, 0x0000000100000000)
  eden space 28672K, 100% used [0x00000000d5580000,0x00000000d7180000,0x00000000d7180000)
  from space 4608K, 0% used [0x00000000d7600000,0x00000000d7600000,0x00000000d7a80000)
  to   space 4608K, 0% used [0x00000000d7180000,0x00000000d7180000,0x00000000d7600000)
 ParOldGen       total 76800K, used 0K [0x0000000080000000, 0x0000000084b00000, 0x00000000d5580000)
  object space 76800K, 0% used [0x0000000080000000,0x0000000080000000,0x0000000084b00000)
 Metaspace       used 7205K, capacity 7446K, committed 7680K, reserved 1056768K
  class space    used 878K, capacity 971K, committed 1024K, reserved 1048576K
Event: 2.838 GC heap after
Heap after GC invocations=1 (full 0):
 PSYoungGen      total 33280K, used 4040K [0x00000000d5580000, 0x00000000d7a80000, 0x0000000100000000)
  eden space 28672K, 0% used [0x00000000d5580000,0x00000000d5580000,0x00000000d7180000)
  from space 4608K, 87% used [0x00000000d7180000,0x00000000d7572108,0x00000000d7600000)
  to   space 4608K, 0% used [0x00000000d7600000,0x00000000d7600000,0x00000000d7a80000)
 ParOldGen       total 76800K, used 8K [0x0000000080000000, 0x0000000084b00000, 0x00000000d5580000)
  object space 76800K, 0% used [0x0000000080000000,0x0000000080002000,0x0000000084b00000)
 Metaspace       used 7205K, capacity 7446K, committed 7680K, reserved 1056768K
  class space    used 878K, capacity 971K, committed 1024K, reserved 1048576K
}
Event: 3.440 GC heap before
{Heap before GC invocations=2 (full 0):
 PSYoungGen      total 33280K, used 32712K [0x00000000d5580000, 0x00000000d7a80000, 0x0000000100000000)
  eden space 28672K, 100% used [0x00000000d5580000,0x00000000d7180000,0x00000000d7180000)
  from space 4608K, 87% used [0x00000000d7180000,0x00000000d7572108,0x00000000d7600000)
  to   space 4608K, 0% used [0x00000000d7600000,0x00000000d7600000,0x00000000d7a80000)
 ParOldGen       total 76800K, used 8K [0x0000000080000000, 0x0000000084b00000, 0x00000000d5580000)
  object space 76800K, 0% used [0x0000000080000000,0x0000000080002000,0x0000000084b00000)
 Metaspace       used 7677K, capacity 7964K, committed 8320K, reserved 1056768K
  class space    used 932K, capacity 1036K, committed 1152K, reserved 1048576K
Event: 3.453 GC heap after
Heap after GC invocations=2 (full 0):
 PSYoungGen      total 33280K, used 2988K [0x00000000d5580000, 0x00000000d7a80000, 0x0000000100000000)
  eden space 28672K, 0% used [0x00000000d5580000,0x00000000d5580000,0x00000000d7180000)
  from space 4608K, 64% used [0x00000000d7600000,0x00000000d78eb290,0x00000000d7a80000)
  to   space 4608K, 0% used [0x00000000d7180000,0x00000000d7180000,0x00000000d7600000)
 ParOldGen       total 76800K, used 16K [0x0000000080000000, 0x0000000084b00000, 0x00000000d5580000)
  object space 76800K, 0% used [0x0000000080000000,0x0000000080004000,0x0000000084b00000)
 Metaspace       used 7677K, capacity 7964K, committed 8320K, reserved 1056768K
  class space    used 932K, capacity 1036K, committed 1152K, reserved 1048576K
}
Event: 4.069 GC heap before
{Heap before GC invocations=3 (full 0):
 PSYoungGen      total 33280K, used 31660K [0x00000000d5580000, 0x00000000d7a80000, 0x0000000100000000)
  eden space 28672K, 100% used [0x00000000d5580000,0x00000000d7180000,0x00000000d7180000)
  from space 4608K, 64% used [0x00000000d7600000,0x00000000d78eb290,0x00000000d7a80000)
  to   space 4608K, 0% used [0x00000000d7180000,0x00000000d7180000,0x00000000d7600000)
 ParOldGen       total 76800K, used 16K [0x0000000080000000, 0x0000000084b00000, 0x00000000d5580000)
  object space 76800K, 0% used [0x0000000080000000,0x0000000080004000,0x0000000084b00000)
 Metaspace       used 8920K, capacity 9148K, committed 9216K, reserved 1056768K
  class space    used 1140K, capacity 1238K, committed 1280K, reserved 1048576K
Event: 4.079 GC heap after
Heap after GC invocations=3 (full 0):
 PSYoungGen      total 33280K, used 4384K [0x00000000d5580000, 0x00000000d7a80000, 0x0000000100000000)
  eden space 28672K, 0% used [0x00000000d5580000,0x00000000d5580000,0x00000000d7180000)
  from space 4608K, 95% used [0x00000000d7180000,0x00000000d75c8020,0x00000000d7600000)
  to   space 4608K, 0% used [0x00000000d7600000,0x00000000d7600000,0x00000000d7a80000)
 ParOldGen       total 76800K, used 16K [0x0000000080000000, 0x0000000084b00000, 0x00000000d5580000)
  object space 76800K, 0% used [0x0000000080000000,0x0000000080004000,0x0000000084b00000)
 Metaspace       used 8920K, capacity 9148K, committed 9216K, reserved 1056768K
  class space    used 1140K, capacity 1238K, committed 1280K, reserved 1048576K
}
Event: 6.029 GC heap before
{Heap before GC invocations=4 (full 0):
 PSYoungGen      total 33280K, used 33056K [0x00000000d5580000, 0x00000000d7a80000, 0x0000000100000000)
  eden space 28672K, 100% used [0x00000000d5580000,0x00000000d7180000,0x00000000d7180000)
  from space 4608K, 95% used [0x00000000d7180000,0x00000000d75c8020,0x00000000d7600000)
  to   space 4608K, 0% used [0x00000000d7600000,0x00000000d7600000,0x00000000d7a80000)
 ParOldGen       total 76800K, used 16K [0x0000000080000000, 0x0000000084b00000, 0x00000000d5580000)
  object space 76800K, 0% used [0x0000000080000000,0x0000000080004000,0x0000000084b00000)
 Metaspace       used 12898K, capacity 13296K, committed 13440K, reserved 1060864K
  class space    used 1756K, capacity 1890K, committed 1920K, reserved 1048576K
Event: 6.050 GC heap after
Heap after GC invocations=4 (full 0):
 PSYoungGen      total 33280K, used 4592K [0x00000000d5580000, 0x00000000d7a80000, 0x0000000100000000)
  eden space 28672K, 0% used [0x00000000d5580000,0x00000000d5580000,0x00000000d7180000)
  from space 4608K, 99% used [0x00000000d7600000,0x00000000d7a7c010,0x00000000d7a80000)
  to   space 4608K, 0% used [0x00000000d7180000,0x00000000d7180000,0x00000000d7600000)
 ParOldGen       total 76800K, used 2005K [0x0000000080000000, 0x0000000084b00000, 0x00000000d5580000)
  object space 76800K, 2% used [0x0000000080000000,0x00000000801f5430,0x0000000084b00000)
 Metaspace       used 12898K, capacity 13296K, committed 13440K, reserved 1060864K
  class space    used 1756K, capacity 1890K, committed 1920K, reserved 1048576K
}

