# JRE version: OpenJDK Runtime Environment (8.0_242-b01) (build 1.8.0_242-release-1644-b01)
# Java VM: OpenJDK 64-Bit Server VM (25.242-b01 mixed mode windows-amd64 compressed oops)
Heap:
 PSYoungGen      total 189952K, used 48469K [0x00000000d5580000, 0x00000000e2400000, 0x0000000100000000)
  eden space 171008K, 28% used [0x00000000d5580000,0x00000000d84d54c8,0x00000000dfc80000)
  from space 18944K, 0% used [0x00000000dfc80000,0x00000000dfc80000,0x00000000e0f00000)
  to   space 13824K, 0% used [0x00000000e0f00000,0x00000000e0f00000,0x00000000e1c80000)
 ParOldGen       total 100352K, used 28800K [0x0000000080000000, 0x0000000086200000, 0x00000000d5580000)
  object space 100352K, 28% used [0x0000000080000000,0x0000000081c20298,0x0000000086200000)
 Metaspace       used 59980K, capacity 62146K, committed 62232K, reserved 1103872K
  class space    used 8188K, capacity 8662K, committed 8744K, reserved 1048576K
GC Heap History (10 events):
Event: 28.801 GC heap before
{Heap before GC invocations=12 (full 2):
 PSYoungGen      total 140800K, used 5778K [0x00000000d5580000, 0x00000000e0300000, 0x0000000100000000)
  eden space 129536K, 0% used [0x00000000d5580000,0x00000000d5580000,0x00000000dd400000)
  from space 11264K, 51% used [0x00000000dde80000,0x00000000de424bc8,0x00000000de980000)
  to   space 10752K, 0% used [0x00000000dd400000,0x00000000dd400000,0x00000000dde80000)
 ParOldGen       total 49664K, used 12632K [0x0000000080000000, 0x0000000083080000, 0x00000000d5580000)
  object space 49664K, 25% used [0x0000000080000000,0x0000000080c56328,0x0000000083080000)
 Metaspace       used 34454K, capacity 35354K, committed 35496K, reserved 1079296K
  class space    used 4717K, capacity 4938K, committed 5032K, reserved 1048576K
Event: 29.040 GC heap after
Heap after GC invocations=12 (full 2):
 PSYoungGen      total 140800K, used 0K [0x00000000d5580000, 0x00000000e0300000, 0x0000000100000000)
  eden space 129536K, 0% used [0x00000000d5580000,0x00000000d5580000,0x00000000dd400000)
  from space 11264K, 0% used [0x00000000dde80000,0x00000000dde80000,0x00000000de980000)
  to   space 10752K, 0% used [0x00000000dd400000,0x00000000dd400000,0x00000000dde80000)
 ParOldGen       total 69632K, used 15149K [0x0000000080000000, 0x0000000084400000, 0x00000000d5580000)
  object space 69632K, 21% used [0x0000000080000000,0x0000000080ecb5d0,0x0000000084400000)
 Metaspace       used 34454K, capacity 35354K, committed 35496K, reserved 1079296K
  class space    used 4717K, capacity 4938K, committed 5032K, reserved 1048576K
}
Event: 38.780 GC heap before
{Heap before GC invocations=13 (full 2):
 PSYoungGen      total 140800K, used 129536K [0x00000000d5580000, 0x00000000e0300000, 0x0000000100000000)
  eden space 129536K, 100% used [0x00000000d5580000,0x00000000dd400000,0x00000000dd400000)
  from space 11264K, 0% used [0x00000000dde80000,0x00000000dde80000,0x00000000de980000)
  to   space 10752K, 0% used [0x00000000dd400000,0x00000000dd400000,0x00000000dde80000)
 ParOldGen       total 69632K, used 15149K [0x0000000080000000, 0x0000000084400000, 0x00000000d5580000)
  object space 69632K, 21% used [0x0000000080000000,0x0000000080ecb5d0,0x0000000084400000)
 Metaspace       used 45101K, capacity 46696K, committed 47016K, reserved 1089536K
  class space    used 6083K, capacity 6452K, committed 6568K, reserved 1048576K
Event: 38.820 GC heap after
Heap after GC invocations=13 (full 2):
 PSYoungGen      total 140288K, used 10746K [0x00000000d5580000, 0x00000000e1c80000, 0x0000000100000000)
  eden space 129536K, 0% used [0x00000000d5580000,0x00000000d5580000,0x00000000dd400000)
  from space 10752K, 99% used [0x00000000dd400000,0x00000000dde7e828,0x00000000dde80000)
  to   space 13824K, 0% used [0x00000000e0f00000,0x00000000e0f00000,0x00000000e1c80000)
 ParOldGen       total 69632K, used 19147K [0x0000000080000000, 0x0000000084400000, 0x00000000d5580000)
  object space 69632K, 27% used [0x0000000080000000,0x00000000812b2fc0,0x0000000084400000)
 Metaspace       used 45101K, capacity 46696K, committed 47016K, reserved 1089536K
  class space    used 6083K, capacity 6452K, committed 6568K, reserved 1048576K
}
Event: 50.551 GC heap before
{Heap before GC invocations=14 (full 2):
 PSYoungGen      total 140288K, used 140282K [0x00000000d5580000, 0x00000000e1c80000, 0x0000000100000000)
  eden space 129536K, 100% used [0x00000000d5580000,0x00000000dd400000,0x00000000dd400000)
  from space 10752K, 99% used [0x00000000dd400000,0x00000000dde7e828,0x00000000dde80000)
  to   space 13824K, 0% used [0x00000000e0f00000,0x00000000e0f00000,0x00000000e1c80000)
 ParOldGen       total 69632K, used 19147K [0x0000000080000000, 0x0000000084400000, 0x00000000d5580000)
  object space 69632K, 27% used [0x0000000080000000,0x00000000812b2fc0,0x0000000084400000)
 Metaspace       used 56426K, capacity 58482K, committed 58536K, reserved 1099776K
  class space    used 7615K, capacity 8086K, committed 8104K, reserved 1048576K
Event: 50.669 GC heap after
Heap after GC invocations=14 (full 2):
 PSYoungGen      total 184832K, used 13802K [0x00000000d5580000, 0x00000000e2400000, 0x0000000100000000)
  eden space 171008K, 0% used [0x00000000d5580000,0x00000000d5580000,0x00000000dfc80000)
  from space 13824K, 99% used [0x00000000e0f00000,0x00000000e1c7a8b0,0x00000000e1c80000)
  to   space 18944K, 0% used [0x00000000dfc80000,0x00000000dfc80000,0x00000000e0f00000)
 ParOldGen       total 69632K, used 29172K [0x0000000080000000, 0x0000000084400000, 0x00000000d5580000)
  object space 69632K, 41% used [0x0000000080000000,0x0000000081c7d2b0,0x0000000084400000)
 Metaspace       used 56426K, capacity 58482K, committed 58536K, reserved 1099776K
  class space    used 7615K, capacity 8086K, committed 8104K, reserved 1048576K
}
Event: 51.258 GC heap before
{Heap before GC invocations=15 (full 2):
 PSYoungGen      total 184832K, used 23756K [0x00000000d5580000, 0x00000000e2400000, 0x0000000100000000)
  eden space 171008K, 5% used [0x00000000d5580000,0x00000000d5f38a38,0x00000000dfc80000)
  from space 13824K, 99% used [0x00000000e0f00000,0x00000000e1c7a8b0,0x00000000e1c80000)
  to   space 18944K, 0% used [0x00000000dfc80000,0x00000000dfc80000,0x00000000e0f00000)
 ParOldGen       total 69632K, used 29172K [0x0000000080000000, 0x0000000084400000, 0x00000000d5580000)
  object space 69632K, 41% used [0x0000000080000000,0x0000000081c7d2b0,0x0000000084400000)
 Metaspace       used 56970K, capacity 58998K, committed 59160K, reserved 1099776K
  class space    used 7679K, capacity 8124K, committed 8232K, reserved 1048576K
Event: 51.311 GC heap after
Heap after GC invocations=15 (full 2):
 PSYoungGen      total 189952K, used 870K [0x00000000d5580000, 0x00000000e2400000, 0x0000000100000000)
  eden space 171008K, 0% used [0x00000000d5580000,0x00000000d5580000,0x00000000dfc80000)
  from space 18944K, 4% used [0x00000000dfc80000,0x00000000dfd59bc0,0x00000000e0f00000)
  to   space 13824K, 0% used [0x00000000e0f00000,0x00000000e0f00000,0x00000000e1c80000)
 ParOldGen       total 69632K, used 36900K [0x0000000080000000, 0x0000000084400000, 0x00000000d5580000)
  object space 69632K, 52% used [0x0000000080000000,0x00000000824090d0,0x0000000084400000)
 Metaspace       used 56970K, capacity 58998K, committed 59160K, reserved 1099776K
  class space    used 7679K, capacity 8124K, committed 8232K, reserved 1048576K
}
Event: 51.311 GC heap before
{Heap before GC invocations=16 (full 3):
 PSYoungGen      total 189952K, used 870K [0x00000000d5580000, 0x00000000e2400000, 0x0000000100000000)
  eden space 171008K, 0% used [0x00000000d5580000,0x00000000d5580000,0x00000000dfc80000)
  from space 18944K, 4% used [0x00000000dfc80000,0x00000000dfd59bc0,0x00000000e0f00000)
  to   space 13824K, 0% used [0x00000000e0f00000,0x00000000e0f00000,0x00000000e1c80000)
 ParOldGen       total 69632K, used 36900K [0x0000000080000000, 0x0000000084400000, 0x00000000d5580000)
  object space 69632K, 52% used [0x0000000080000000,0x00000000824090d0,0x0000000084400000)
 Metaspace       used 56970K, capacity 58998K, committed 59160K, reserved 1099776K
  class space    used 7679K, capacity 8124K, committed 8232K, reserved 1048576K
Event: 52.098 GC heap after
Heap after GC invocations=16 (full 3):
 PSYoungGen      total 189952K, used 0K [0x00000000d5580000, 0x00000000e2400000, 0x0000000100000000)
  eden space 171008K, 0% used [0x00000000d5580000,0x00000000d5580000,0x00000000dfc80000)
  from space 18944K, 0% used [0x00000000dfc80000,0x00000000dfc80000,0x00000000e0f00000)
  to   space 13824K, 0% used [0x00000000e0f00000,0x00000000e0f00000,0x00000000e1c80000)
 ParOldGen       total 100352K, used 28800K [0x0000000080000000, 0x0000000086200000, 0x00000000d5580000)
  object space 100352K, 28% used [0x0000000080000000,0x0000000081c20298,0x0000000086200000)
 Metaspace       used 56964K, capacity 58980K, committed 59160K, reserved 1099776K
  class space    used 7678K, capacity 8121K, committed 8232K, reserved 1048576K
}

