# JRE version: OpenJDK Runtime Environment (8.0_242-b01) (build 1.8.0_242-release-1644-b01)
# Java VM: OpenJDK 64-Bit Server VM (25.242-b01 mixed mode windows-amd64 compressed oops)
Heap:
 PSYoungGen      total 522240K, used 320716K [0x00000000d5580000, 0x00000000f9480000, 0x0000000100000000)
  eden space 457216K, 61% used [0x00000000d5580000,0x00000000e6971e98,0x00000000f1400000)
  from space 65024K, 58% used [0x00000000f5380000,0x00000000f78c1500,0x00000000f9300000)
  to   space 65024K, 0% used [0x00000000f1400000,0x00000000f1400000,0x00000000f5380000)
 ParOldGen       total 168448K, used 49540K [0x0000000080000000, 0x000000008a480000, 0x00000000d5580000)
  object space 168448K, 29% used [0x0000000080000000,0x00000000830613e8,0x000000008a480000)
 Metaspace       used 113567K, capacity 118106K, committed 118296K, reserved 1153024K
  class space    used 14436K, capacity 15291K, committed 15408K, reserved 1048576K
GC Heap History (10 events):
Event: 2610.941 GC heap before
{Heap before GC invocations=34 (full 4):
 PSYoungGen      total 408576K, used 408519K [0x00000000d5580000, 0x00000000f3a80000, 0x0000000100000000)
  eden space 391168K, 100% used [0x00000000d5580000,0x00000000ed380000,0x00000000ed380000)
  from space 17408K, 99% used [0x00000000ed580000,0x00000000ee671da8,0x00000000ee680000)
  to   space 52736K, 0% used [0x00000000f0700000,0x00000000f0700000,0x00000000f3a80000)
 ParOldGen       total 168448K, used 49540K [0x0000000080000000, 0x000000008a480000, 0x00000000d5580000)
  object space 168448K, 29% used [0x0000000080000000,0x00000000830613e8,0x000000008a480000)
 Metaspace       used 103589K, capacity 107136K, committed 108312K, reserved 1142784K
  class space    used 13159K, capacity 13876K, committed 14128K, reserved 1048576K
Event: 2611.197 GC heap after
Heap after GC invocations=34 (full 4):
 PSYoungGen      total 445952K, used 24757K [0x00000000d5580000, 0x00000000f6580000, 0x0000000100000000)
  eden space 393216K, 0% used [0x00000000d5580000,0x00000000d5580000,0x00000000ed580000)
  from space 52736K, 46% used [0x00000000f0700000,0x00000000f1f2d530,0x00000000f3a80000)
  to   space 50688K, 0% used [0x00000000ed580000,0x00000000ed580000,0x00000000f0700000)
 ParOldGen       total 168448K, used 49540K [0x0000000080000000, 0x000000008a480000, 0x00000000d5580000)
  object space 168448K, 29% used [0x0000000080000000,0x00000000830613e8,0x000000008a480000)
 Metaspace       used 103589K, capacity 107136K, committed 108312K, reserved 1142784K
  class space    used 13159K, capacity 13876K, committed 14128K, reserved 1048576K
}
Event: 2632.812 GC heap before
{Heap before GC invocations=35 (full 4):
 PSYoungGen      total 445952K, used 417973K [0x00000000d5580000, 0x00000000f6580000, 0x0000000100000000)
  eden space 393216K, 100% used [0x00000000d5580000,0x00000000ed580000,0x00000000ed580000)
  from space 52736K, 46% used [0x00000000f0700000,0x00000000f1f2d530,0x00000000f3a80000)
  to   space 50688K, 0% used [0x00000000ed580000,0x00000000ed580000,0x00000000f0700000)
 ParOldGen       total 168448K, used 49540K [0x0000000080000000, 0x000000008a480000, 0x00000000d5580000)
  object space 168448K, 29% used [0x0000000080000000,0x00000000830613e8,0x000000008a480000)
 Metaspace       used 112941K, capacity 117390K, committed 117784K, reserved 1150976K
  class space    used 14394K, capacity 15245K, committed 15408K, reserved 1048576K
Event: 2633.743 GC heap after
Heap after GC invocations=35 (full 4):
 PSYoungGen      total 443904K, used 48609K [0x00000000d5580000, 0x00000000f6580000, 0x0000000100000000)
  eden space 393216K, 0% used [0x00000000d5580000,0x00000000d5580000,0x00000000ed580000)
  from space 50688K, 95% used [0x00000000ed580000,0x00000000f04f87c8,0x00000000f0700000)
  to   space 52736K, 0% used [0x00000000f0700000,0x00000000f0700000,0x00000000f3a80000)
 ParOldGen       total 168448K, used 49540K [0x0000000080000000, 0x000000008a480000, 0x00000000d5580000)
  object space 168448K, 29% used [0x0000000080000000,0x00000000830613e8,0x000000008a480000)
 Metaspace       used 112941K, capacity 117390K, committed 117784K, reserved 1150976K
  class space    used 14394K, capacity 15245K, committed 15408K, reserved 1048576K
}
Event: 2645.029 GC heap before
{Heap before GC invocations=36 (full 4):
 PSYoungGen      total 443904K, used 441825K [0x00000000d5580000, 0x00000000f6580000, 0x0000000100000000)
  eden space 393216K, 100% used [0x00000000d5580000,0x00000000ed580000,0x00000000ed580000)
  from space 50688K, 95% used [0x00000000ed580000,0x00000000f04f87c8,0x00000000f0700000)
  to   space 52736K, 0% used [0x00000000f0700000,0x00000000f0700000,0x00000000f3a80000)
 ParOldGen       total 168448K, used 49540K [0x0000000080000000, 0x000000008a480000, 0x00000000d5580000)
  object space 168448K, 29% used [0x0000000080000000,0x00000000830613e8,0x000000008a480000)
 Metaspace       used 113225K, capacity 117678K, committed 118040K, reserved 1153024K
  class space    used 14424K, capacity 15287K, committed 15408K, reserved 1048576K
Event: 2645.334 GC heap after
Heap after GC invocations=36 (full 4):
 PSYoungGen      total 445952K, used 46777K [0x00000000d5580000, 0x00000000f6580000, 0x0000000100000000)
  eden space 393216K, 0% used [0x00000000d5580000,0x00000000d5580000,0x00000000ed580000)
  from space 52736K, 88% used [0x00000000f0700000,0x00000000f34ae5d0,0x00000000f3a80000)
  to   space 50688K, 0% used [0x00000000ed580000,0x00000000ed580000,0x00000000f0700000)
 ParOldGen       total 168448K, used 49540K [0x0000000080000000, 0x000000008a480000, 0x00000000d5580000)
  object space 168448K, 29% used [0x0000000080000000,0x00000000830613e8,0x000000008a480000)
 Metaspace       used 113225K, capacity 117678K, committed 118040K, reserved 1153024K
  class space    used 14424K, capacity 15287K, committed 15408K, reserved 1048576K
}
Event: 2654.353 GC heap before
{Heap before GC invocations=37 (full 4):
 PSYoungGen      total 445952K, used 439993K [0x00000000d5580000, 0x00000000f6580000, 0x0000000100000000)
  eden space 393216K, 100% used [0x00000000d5580000,0x00000000ed580000,0x00000000ed580000)
  from space 52736K, 88% used [0x00000000f0700000,0x00000000f34ae5d0,0x00000000f3a80000)
  to   space 50688K, 0% used [0x00000000ed580000,0x00000000ed580000,0x00000000f0700000)
 ParOldGen       total 168448K, used 49540K [0x0000000080000000, 0x000000008a480000, 0x00000000d5580000)
  object space 168448K, 29% used [0x0000000080000000,0x00000000830613e8,0x000000008a480000)
 Metaspace       used 113300K, capacity 117750K, committed 118040K, reserved 1153024K
  class space    used 14426K, capacity 15287K, committed 15408K, reserved 1048576K
Event: 2654.451 GC heap after
Heap after GC invocations=37 (full 4):
 PSYoungGen      total 443904K, used 43120K [0x00000000d5580000, 0x00000000f9300000, 0x0000000100000000)
  eden space 393216K, 0% used [0x00000000d5580000,0x00000000d5580000,0x00000000ed580000)
  from space 50688K, 85% used [0x00000000ed580000,0x00000000eff9c1c8,0x00000000f0700000)
  to   space 65024K, 0% used [0x00000000f5380000,0x00000000f5380000,0x00000000f9300000)
 ParOldGen       total 168448K, used 49540K [0x0000000080000000, 0x000000008a480000, 0x00000000d5580000)
  object space 168448K, 29% used [0x0000000080000000,0x00000000830613e8,0x000000008a480000)
 Metaspace       used 113300K, capacity 117750K, committed 118040K, reserved 1153024K
  class space    used 14426K, capacity 15287K, committed 15408K, reserved 1048576K
}
Event: 2663.331 GC heap before
{Heap before GC invocations=38 (full 4):
 PSYoungGen      total 443904K, used 436336K [0x00000000d5580000, 0x00000000f9300000, 0x0000000100000000)
  eden space 393216K, 100% used [0x00000000d5580000,0x00000000ed580000,0x00000000ed580000)
  from space 50688K, 85% used [0x00000000ed580000,0x00000000eff9c1c8,0x00000000f0700000)
  to   space 65024K, 0% used [0x00000000f5380000,0x00000000f5380000,0x00000000f9300000)
 ParOldGen       total 168448K, used 49540K [0x0000000080000000, 0x000000008a480000, 0x00000000d5580000)
  object space 168448K, 29% used [0x0000000080000000,0x00000000830613e8,0x000000008a480000)
 Metaspace       used 113458K, capacity 117958K, committed 118296K, reserved 1153024K
  class space    used 14429K, capacity 15289K, committed 15408K, reserved 1048576K
Event: 2663.509 GC heap after
Heap after GC invocations=38 (full 4):
 PSYoungGen      total 522240K, used 38149K [0x00000000d5580000, 0x00000000f9480000, 0x0000000100000000)
  eden space 457216K, 0% used [0x00000000d5580000,0x00000000d5580000,0x00000000f1400000)
  from space 65024K, 58% used [0x00000000f5380000,0x00000000f78c1500,0x00000000f9300000)
  to   space 65024K, 0% used [0x00000000f1400000,0x00000000f1400000,0x00000000f5380000)
 ParOldGen       total 168448K, used 49540K [0x0000000080000000, 0x000000008a480000, 0x00000000d5580000)
  object space 168448K, 29% used [0x0000000080000000,0x00000000830613e8,0x000000008a480000)
 Metaspace       used 113458K, capacity 117958K, committed 118296K, reserved 1153024K
  class space    used 14429K, capacity 15289K, committed 15408K, reserved 1048576K
}

