# JRE version: OpenJDK Runtime Environment (8.0_242-b01) (build 1.8.0_242-release-1644-b01)
# Java VM: OpenJDK 64-Bit Server VM (25.242-b01 mixed mode windows-amd64 compressed oops)
Heap:
 PSYoungGen      total 365056K, used 85130K [0x00000000d5580000, 0x00000000efb00000, 0x0000000100000000)
  eden space 333312K, 19% used [0x00000000d5580000,0x00000000d96098f8,0x00000000e9b00000)
  from space 31744K, 59% used [0x00000000e9b00000,0x00000000ead99120,0x00000000eba00000)
  to   space 32256K, 0% used [0x00000000edb80000,0x00000000edb80000,0x00000000efb00000)
 ParOldGen       total 165888K, used 65290K [0x0000000080000000, 0x000000008a200000, 0x00000000d5580000)
  object space 165888K, 39% used [0x0000000080000000,0x0000000083fc2b28,0x000000008a200000)
 Metaspace       used 108857K, capacity 114276K, committed 114328K, reserved 1148928K
  class space    used 14225K, capacity 15276K, committed 15280K, reserved 1048576K
GC Heap History (10 events):
Event: 176.874 GC heap before
{Heap before GC invocations=19 (full 3):
 PSYoungGen      total 269312K, used 269310K [0x00000000d5580000, 0x00000000eb000000, 0x0000000100000000)
  eden space 250368K, 100% used [0x00000000d5580000,0x00000000e4a00000,0x00000000e4a00000)
  from space 18944K, 99% used [0x00000000e4a00000,0x00000000e5c7fbf0,0x00000000e5c80000)
  to   space 24064K, 0% used [0x00000000e9880000,0x00000000e9880000,0x00000000eb000000)
 ParOldGen       total 103424K, used 53233K [0x0000000080000000, 0x0000000086500000, 0x00000000d5580000)
  object space 103424K, 51% used [0x0000000080000000,0x00000000833fc628,0x0000000086500000)
 Metaspace       used 86909K, capacity 90770K, committed 91032K, reserved 1128448K
  class space    used 11321K, capacity 12091K, committed 12208K, reserved 1048576K
Event: 176.969 GC heap after
Heap after GC invocations=19 (full 3):
 PSYoungGen      total 321024K, used 24039K [0x00000000d5580000, 0x00000000ebb00000, 0x0000000100000000)
  eden space 296960K, 0% used [0x00000000d5580000,0x00000000d5580000,0x00000000e7780000)
  from space 24064K, 99% used [0x00000000e9880000,0x00000000eaff9e58,0x00000000eb000000)
  to   space 33792K, 0% used [0x00000000e7780000,0x00000000e7780000,0x00000000e9880000)
 ParOldGen       total 103424K, used 69548K [0x0000000080000000, 0x0000000086500000, 0x00000000d5580000)
  object space 103424K, 67% used [0x0000000080000000,0x00000000843eb1d0,0x0000000086500000)
 Metaspace       used 86909K, capacity 90770K, committed 91032K, reserved 1128448K
  class space    used 11321K, capacity 12091K, committed 12208K, reserved 1048576K
}
Event: 187.695 GC heap before
{Heap before GC invocations=20 (full 3):
 PSYoungGen      total 321024K, used 169739K [0x00000000d5580000, 0x00000000ebb00000, 0x0000000100000000)
  eden space 296960K, 49% used [0x00000000d5580000,0x00000000de3c8fd8,0x00000000e7780000)
  from space 24064K, 99% used [0x00000000e9880000,0x00000000eaff9e58,0x00000000eb000000)
  to   space 33792K, 0% used [0x00000000e7780000,0x00000000e7780000,0x00000000e9880000)
 ParOldGen       total 103424K, used 69548K [0x0000000080000000, 0x0000000086500000, 0x00000000d5580000)
  object space 103424K, 67% used [0x0000000080000000,0x00000000843eb1d0,0x0000000086500000)
 Metaspace       used 94111K, capacity 98426K, committed 98584K, reserved 1134592K
  class space    used 12378K, capacity 13245K, committed 13360K, reserved 1048576K
Event: 187.824 GC heap after
Heap after GC invocations=20 (full 3):
 PSYoungGen      total 330752K, used 13044K [0x00000000d5580000, 0x00000000edf00000, 0x0000000100000000)
  eden space 296960K, 0% used [0x00000000d5580000,0x00000000d5580000,0x00000000e7780000)
  from space 33792K, 38% used [0x00000000e7780000,0x00000000e843d368,0x00000000e9880000)
  to   space 32256K, 0% used [0x00000000ebf80000,0x00000000ebf80000,0x00000000edf00000)
 ParOldGen       total 103424K, used 75533K [0x0000000080000000, 0x0000000086500000, 0x00000000d5580000)
  object space 103424K, 73% used [0x0000000080000000,0x00000000849c35d0,0x0000000086500000)
 Metaspace       used 94111K, capacity 98426K, committed 98584K, reserved 1134592K
  class space    used 12378K, capacity 13245K, committed 13360K, reserved 1048576K
}
Event: 187.824 GC heap before
{Heap before GC invocations=21 (full 4):
 PSYoungGen      total 330752K, used 13044K [0x00000000d5580000, 0x00000000edf00000, 0x0000000100000000)
  eden space 296960K, 0% used [0x00000000d5580000,0x00000000d5580000,0x00000000e7780000)
  from space 33792K, 38% used [0x00000000e7780000,0x00000000e843d368,0x00000000e9880000)
  to   space 32256K, 0% used [0x00000000ebf80000,0x00000000ebf80000,0x00000000edf00000)
 ParOldGen       total 103424K, used 75533K [0x0000000080000000, 0x0000000086500000, 0x00000000d5580000)
  object space 103424K, 73% used [0x0000000080000000,0x00000000849c35d0,0x0000000086500000)
 Metaspace       used 94111K, capacity 98426K, committed 98584K, reserved 1134592K
  class space    used 12378K, capacity 13245K, committed 13360K, reserved 1048576K
Event: 189.171 GC heap after
Heap after GC invocations=21 (full 4):
 PSYoungGen      total 330752K, used 0K [0x00000000d5580000, 0x00000000edf00000, 0x0000000100000000)
  eden space 296960K, 0% used [0x00000000d5580000,0x00000000d5580000,0x00000000e7780000)
  from space 33792K, 0% used [0x00000000e7780000,0x00000000e7780000,0x00000000e9880000)
  to   space 32256K, 0% used [0x00000000ebf80000,0x00000000ebf80000,0x00000000edf00000)
 ParOldGen       total 165888K, used 65274K [0x0000000080000000, 0x000000008a200000, 0x00000000d5580000)
  object space 165888K, 39% used [0x0000000080000000,0x0000000083fbeb28,0x000000008a200000)
 Metaspace       used 94071K, capacity 98310K, committed 98584K, reserved 1134592K
  class space    used 12365K, capacity 13221K, committed 13360K, reserved 1048576K
}
Event: 257.382 GC heap before
{Heap before GC invocations=22 (full 4):
 PSYoungGen      total 330752K, used 296960K [0x00000000d5580000, 0x00000000edf00000, 0x0000000100000000)
  eden space 296960K, 100% used [0x00000000d5580000,0x00000000e7780000,0x00000000e7780000)
  from space 33792K, 0% used [0x00000000e7780000,0x00000000e7780000,0x00000000e9880000)
  to   space 32256K, 0% used [0x00000000ebf80000,0x00000000ebf80000,0x00000000edf00000)
 ParOldGen       total 165888K, used 65274K [0x0000000080000000, 0x000000008a200000, 0x00000000d5580000)
  object space 165888K, 39% used [0x0000000080000000,0x0000000083fbeb28,0x000000008a200000)
 Metaspace       used 100713K, capacity 105588K, committed 105880K, reserved 1140736K
  class space    used 13213K, capacity 14130K, committed 14256K, reserved 1048576K
Event: 257.409 GC heap after
Heap after GC invocations=22 (full 4):
 PSYoungGen      total 359424K, used 5761K [0x00000000d5580000, 0x00000000ed900000, 0x0000000100000000)
  eden space 333312K, 0% used [0x00000000d5580000,0x00000000d5580000,0x00000000e9b00000)
  from space 26112K, 22% used [0x00000000ebf80000,0x00000000ec520658,0x00000000ed900000)
  to   space 31744K, 0% used [0x00000000e9b00000,0x00000000e9b00000,0x00000000eba00000)
 ParOldGen       total 165888K, used 65282K [0x0000000080000000, 0x000000008a200000, 0x00000000d5580000)
  object space 165888K, 39% used [0x0000000080000000,0x0000000083fc0b28,0x000000008a200000)
 Metaspace       used 100713K, capacity 105588K, committed 105880K, reserved 1140736K
  class space    used 13213K, capacity 14130K, committed 14256K, reserved 1048576K
}
Event: 393.137 GC heap before
{Heap before GC invocations=23 (full 4):
 PSYoungGen      total 359424K, used 339073K [0x00000000d5580000, 0x00000000ed900000, 0x0000000100000000)
  eden space 333312K, 100% used [0x00000000d5580000,0x00000000e9b00000,0x00000000e9b00000)
  from space 26112K, 22% used [0x00000000ebf80000,0x00000000ec520658,0x00000000ed900000)
  to   space 31744K, 0% used [0x00000000e9b00000,0x00000000e9b00000,0x00000000eba00000)
 ParOldGen       total 165888K, used 65282K [0x0000000080000000, 0x000000008a200000, 0x00000000d5580000)
  object space 165888K, 39% used [0x0000000080000000,0x0000000083fc0b28,0x000000008a200000)
 Metaspace       used 108670K, capacity 114126K, committed 114328K, reserved 1148928K
  class space    used 14217K, capacity 15263K, committed 15280K, reserved 1048576K
Event: 393.220 GC heap after
Heap after GC invocations=23 (full 4):
 PSYoungGen      total 365056K, used 19044K [0x00000000d5580000, 0x00000000efb00000, 0x0000000100000000)
  eden space 333312K, 0% used [0x00000000d5580000,0x00000000d5580000,0x00000000e9b00000)
  from space 31744K, 59% used [0x00000000e9b00000,0x00000000ead99120,0x00000000eba00000)
  to   space 32256K, 0% used [0x00000000edb80000,0x00000000edb80000,0x00000000efb00000)
 ParOldGen       total 165888K, used 65290K [0x0000000080000000, 0x000000008a200000, 0x00000000d5580000)
  object space 165888K, 39% used [0x0000000080000000,0x0000000083fc2b28,0x000000008a200000)
 Metaspace       used 108670K, capacity 114126K, committed 114328K, reserved 1148928K
  class space    used 14217K, capacity 15263K, committed 15280K, reserved 1048576K
}

