# JRE version: OpenJDK Runtime Environment (8.0_242-b01) (build 1.8.0_242-release-1644-b01)
# Java VM: OpenJDK 64-Bit Server VM (25.242-b01 mixed mode windows-amd64 compressed oops)
Heap:
 PSYoungGen      total 586240K, used 101304K [0x00000000d5580000, 0x0000000100000000, 0x0000000100000000)
  eden space 538112K, 15% used [0x00000000d5580000,0x00000000da51fa90,0x00000000f6300000)
  from space 48128K, 41% used [0x00000000f6300000,0x00000000f764e730,0x00000000f9200000)
  to   space 45568K, 0% used [0x00000000fd380000,0x00000000fd380000,0x0000000100000000)
 ParOldGen       total 177152K, used 75055K [0x0000000080000000, 0x000000008ad00000, 0x00000000d5580000)
  object space 177152K, 42% used [0x0000000080000000,0x000000008494be48,0x000000008ad00000)
 Metaspace       used 95097K, capacity 100878K, committed 101016K, reserved 1136640K
  class space    used 12419K, capacity 13420K, committed 13488K, reserved 1048576K
GC Heap History (10 events):
Event: 1989.773 GC heap before
{Heap before GC invocations=31 (full 4):
 PSYoungGen      total 453120K, used 17055K [0x00000000d5580000, 0x00000000f7700000, 0x0000000100000000)
  eden space 407040K, 0% used [0x00000000d5580000,0x00000000d5580000,0x00000000ee300000)
  from space 46080K, 37% used [0x00000000ee300000,0x00000000ef3a7d20,0x00000000f1000000)
  to   space 44032K, 0% used [0x00000000f4c00000,0x00000000f4c00000,0x00000000f7700000)
 ParOldGen       total 113664K, used 97439K [0x0000000080000000, 0x0000000086f00000, 0x00000000d5580000)
  object space 113664K, 85% used [0x0000000080000000,0x0000000085f27d98,0x0000000086f00000)
 Metaspace       used 90386K, capacity 95258K, committed 95384K, reserved 1132544K
  class space    used 11833K, capacity 12682K, committed 12720K, reserved 1048576K
Event: 1991.767 GC heap after
Heap after GC invocations=31 (full 4):
 PSYoungGen      total 453120K, used 0K [0x00000000d5580000, 0x00000000f7700000, 0x0000000100000000)
  eden space 407040K, 0% used [0x00000000d5580000,0x00000000d5580000,0x00000000ee300000)
  from space 46080K, 0% used [0x00000000ee300000,0x00000000ee300000,0x00000000f1000000)
  to   space 44032K, 0% used [0x00000000f4c00000,0x00000000f4c00000,0x00000000f7700000)
 ParOldGen       total 177152K, used 72713K [0x0000000080000000, 0x000000008ad00000, 0x00000000d5580000)
  object space 177152K, 41% used [0x0000000080000000,0x0000000084702720,0x000000008ad00000)
 Metaspace       used 90312K, capacity 95064K, committed 95384K, reserved 1132544K
  class space    used 11807K, capacity 12637K, committed 12720K, reserved 1048576K
}
Event: 1998.322 GC heap before
{Heap before GC invocations=32 (full 4):
 PSYoungGen      total 453120K, used 407040K [0x00000000d5580000, 0x00000000f7700000, 0x0000000100000000)
  eden space 407040K, 100% used [0x00000000d5580000,0x00000000ee300000,0x00000000ee300000)
  from space 46080K, 0% used [0x00000000ee300000,0x00000000ee300000,0x00000000f1000000)
  to   space 44032K, 0% used [0x00000000f4c00000,0x00000000f4c00000,0x00000000f7700000)
 ParOldGen       total 177152K, used 72713K [0x0000000080000000, 0x000000008ad00000, 0x00000000d5580000)
  object space 177152K, 41% used [0x0000000080000000,0x0000000084702720,0x000000008ad00000)
 Metaspace       used 90319K, capacity 95068K, committed 95384K, reserved 1132544K
  class space    used 11807K, capacity 12637K, committed 12720K, reserved 1048576K
Event: 1998.436 GC heap after
Heap after GC invocations=32 (full 4):
 PSYoungGen      total 515584K, used 11751K [0x00000000d5580000, 0x00000000f7a00000, 0x0000000100000000)
  eden space 471552K, 0% used [0x00000000d5580000,0x00000000d5580000,0x00000000f2200000)
  from space 44032K, 26% used [0x00000000f4c00000,0x00000000f5779fc0,0x00000000f7700000)
  to   space 43008K, 0% used [0x00000000f2200000,0x00000000f2200000,0x00000000f4c00000)
 ParOldGen       total 177152K, used 72713K [0x0000000080000000, 0x000000008ad00000, 0x00000000d5580000)
  object space 177152K, 41% used [0x0000000080000000,0x0000000084702720,0x000000008ad00000)
 Metaspace       used 90319K, capacity 95068K, committed 95384K, reserved 1132544K
  class space    used 11807K, capacity 12637K, committed 12720K, reserved 1048576K
}
Event: 2003.176 GC heap before
{Heap before GC invocations=33 (full 4):
 PSYoungGen      total 515584K, used 483303K [0x00000000d5580000, 0x00000000f7a00000, 0x0000000100000000)
  eden space 471552K, 100% used [0x00000000d5580000,0x00000000f2200000,0x00000000f2200000)
  from space 44032K, 26% used [0x00000000f4c00000,0x00000000f5779fc0,0x00000000f7700000)
  to   space 43008K, 0% used [0x00000000f2200000,0x00000000f2200000,0x00000000f4c00000)
 ParOldGen       total 177152K, used 72713K [0x0000000080000000, 0x000000008ad00000, 0x00000000d5580000)
  object space 177152K, 41% used [0x0000000080000000,0x0000000084702720,0x000000008ad00000)
 Metaspace       used 90327K, capacity 95072K, committed 95384K, reserved 1132544K
  class space    used 11810K, capacity 12637K, committed 12720K, reserved 1048576K
Event: 2003.210 GC heap after
Heap after GC invocations=33 (full 4):
 PSYoungGen      total 514560K, used 13848K [0x00000000d5580000, 0x00000000fba80000, 0x0000000100000000)
  eden space 471552K, 0% used [0x00000000d5580000,0x00000000d5580000,0x00000000f2200000)
  from space 43008K, 32% used [0x00000000f2200000,0x00000000f2f86020,0x00000000f4c00000)
  to   space 41472K, 0% used [0x00000000f9200000,0x00000000f9200000,0x00000000fba80000)
 ParOldGen       total 177152K, used 72713K [0x0000000080000000, 0x000000008ad00000, 0x00000000d5580000)
  object space 177152K, 41% used [0x0000000080000000,0x0000000084702720,0x000000008ad00000)
 Metaspace       used 90327K, capacity 95072K, committed 95384K, reserved 1132544K
  class space    used 11810K, capacity 12637K, committed 12720K, reserved 1048576K
}
Event: 2008.562 GC heap before
{Heap before GC invocations=34 (full 4):
 PSYoungGen      total 514560K, used 485400K [0x00000000d5580000, 0x00000000fba80000, 0x0000000100000000)
  eden space 471552K, 100% used [0x00000000d5580000,0x00000000f2200000,0x00000000f2200000)
  from space 43008K, 32% used [0x00000000f2200000,0x00000000f2f86020,0x00000000f4c00000)
  to   space 41472K, 0% used [0x00000000f9200000,0x00000000f9200000,0x00000000fba80000)
 ParOldGen       total 177152K, used 72713K [0x0000000080000000, 0x000000008ad00000, 0x00000000d5580000)
  object space 177152K, 41% used [0x0000000080000000,0x0000000084702720,0x000000008ad00000)
 Metaspace       used 90366K, capacity 95154K, committed 95384K, reserved 1132544K
  class space    used 11812K, capacity 12640K, committed 12720K, reserved 1048576K
Event: 2008.769 GC heap after
Heap after GC invocations=34 (full 4):
 PSYoungGen      total 579584K, used 41458K [0x00000000d5580000, 0x00000000fd180000, 0x0000000100000000)
  eden space 538112K, 0% used [0x00000000d5580000,0x00000000d5580000,0x00000000f6300000)
  from space 41472K, 99% used [0x00000000f9200000,0x00000000fba7cbf0,0x00000000fba80000)
  to   space 48128K, 0% used [0x00000000f6300000,0x00000000f6300000,0x00000000f9200000)
 ParOldGen       total 177152K, used 73937K [0x0000000080000000, 0x000000008ad00000, 0x00000000d5580000)
  object space 177152K, 41% used [0x0000000080000000,0x0000000084834710,0x000000008ad00000)
 Metaspace       used 90366K, capacity 95154K, committed 95384K, reserved 1132544K
  class space    used 11812K, capacity 12640K, committed 12720K, reserved 1048576K
}
Event: 4197.269 GC heap before
{Heap before GC invocations=35 (full 4):
 PSYoungGen      total 579584K, used 579570K [0x00000000d5580000, 0x00000000fd180000, 0x0000000100000000)
  eden space 538112K, 100% used [0x00000000d5580000,0x00000000f6300000,0x00000000f6300000)
  from space 41472K, 99% used [0x00000000f9200000,0x00000000fba7cbf0,0x00000000fba80000)
  to   space 48128K, 0% used [0x00000000f6300000,0x00000000f6300000,0x00000000f9200000)
 ParOldGen       total 177152K, used 73937K [0x0000000080000000, 0x000000008ad00000, 0x00000000d5580000)
  object space 177152K, 41% used [0x0000000080000000,0x0000000084834710,0x000000008ad00000)
 Metaspace       used 94561K, capacity 100338K, committed 100504K, reserved 1136640K
  class space    used 12351K, capacity 13366K, committed 13488K, reserved 1048576K
Event: 4198.044 GC heap after
Heap after GC invocations=35 (full 4):
 PSYoungGen      total 586240K, used 19769K [0x00000000d5580000, 0x0000000100000000, 0x0000000100000000)
  eden space 538112K, 0% used [0x00000000d5580000,0x00000000d5580000,0x00000000f6300000)
  from space 48128K, 41% used [0x00000000f6300000,0x00000000f764e730,0x00000000f9200000)
  to   space 45568K, 0% used [0x00000000fd380000,0x00000000fd380000,0x0000000100000000)
 ParOldGen       total 177152K, used 75055K [0x0000000080000000, 0x000000008ad00000, 0x00000000d5580000)
  object space 177152K, 42% used [0x0000000080000000,0x000000008494be48,0x000000008ad00000)
 Metaspace       used 94561K, capacity 100338K, committed 100504K, reserved 1136640K
  class space    used 12351K, capacity 13366K, committed 13488K, reserved 1048576K
}

