# JRE version: OpenJDK Runtime Environment (8.0_242-b01) (build 1.8.0_242-release-1644-b01)
# Java VM: OpenJDK 64-Bit Server VM (25.242-b01 mixed mode windows-amd64 compressed oops)
Heap:
 PSYoungGen      total 450048K, used 133628K [0x00000000d5580000, 0x00000000f3300000, 0x0000000100000000)
  eden space 417280K, 31% used [0x00000000d5580000,0x00000000dd4cf020,0x00000000eed00000)
  from space 32768K, 9% used [0x00000000f1300000,0x00000000f1630000,0x00000000f3300000)
  to   space 35840K, 0% used [0x00000000eed00000,0x00000000eed00000,0x00000000f1000000)
 ParOldGen       total 104448K, used 83366K [0x0000000080000000, 0x0000000086600000, 0x00000000d5580000)
  object space 104448K, 79% used [0x0000000080000000,0x00000000851698a0,0x0000000086600000)
 Metaspace       used 79963K, capacity 83772K, committed 83992K, reserved 1122304K
  class space    used 10783K, capacity 11497K, committed 11560K, reserved 1048576K
GC Heap History (10 events):
Event: 39.735 GC heap before
{Heap before GC invocations=13 (full 3):
 PSYoungGen      total 281088K, used 19433K [0x00000000d5580000, 0x00000000e8400000, 0x0000000100000000)
  eden space 261632K, 0% used [0x00000000d5580000,0x00000000d5580000,0x00000000e5500000)
  from space 19456K, 99% used [0x00000000e6b00000,0x00000000e7dfa518,0x00000000e7e00000)
  to   space 22528K, 0% used [0x00000000e5500000,0x00000000e5500000,0x00000000e6b00000)
 ParOldGen       total 71168K, used 25691K [0x0000000080000000, 0x0000000084580000, 0x00000000d5580000)
  object space 71168K, 36% used [0x0000000080000000,0x0000000081916eb8,0x0000000084580000)
 Metaspace       used 57016K, capacity 59048K, committed 59160K, reserved 1099776K
  class space    used 7690K, capacity 8121K, committed 8232K, reserved 1048576K
Event: 40.184 GC heap after
Heap after GC invocations=13 (full 3):
 PSYoungGen      total 281088K, used 0K [0x00000000d5580000, 0x00000000e8400000, 0x0000000100000000)
  eden space 261632K, 0% used [0x00000000d5580000,0x00000000d5580000,0x00000000e5500000)
  from space 19456K, 0% used [0x00000000e6b00000,0x00000000e6b00000,0x00000000e7e00000)
  to   space 22528K, 0% used [0x00000000e5500000,0x00000000e5500000,0x00000000e6b00000)
 ParOldGen       total 104448K, used 32613K [0x0000000080000000, 0x0000000086600000, 0x00000000d5580000)
  object space 104448K, 31% used [0x0000000080000000,0x0000000081fd9768,0x0000000086600000)
 Metaspace       used 57012K, capacity 59036K, committed 59160K, reserved 1099776K
  class space    used 7689K, capacity 8119K, committed 8232K, reserved 1048576K
}
Event: 61.223 GC heap before
{Heap before GC invocations=14 (full 3):
 PSYoungGen      total 281088K, used 261632K [0x00000000d5580000, 0x00000000e8400000, 0x0000000100000000)
  eden space 261632K, 100% used [0x00000000d5580000,0x00000000e5500000,0x00000000e5500000)
  from space 19456K, 0% used [0x00000000e6b00000,0x00000000e6b00000,0x00000000e7e00000)
  to   space 22528K, 0% used [0x00000000e5500000,0x00000000e5500000,0x00000000e6b00000)
 ParOldGen       total 104448K, used 32613K [0x0000000080000000, 0x0000000086600000, 0x00000000d5580000)
  object space 104448K, 31% used [0x0000000080000000,0x0000000081fd9768,0x0000000086600000)
 Metaspace       used 68873K, capacity 71694K, committed 71960K, reserved 1112064K
  class space    used 9336K, capacity 9914K, committed 10024K, reserved 1048576K
Event: 61.316 GC heap after
Heap after GC invocations=14 (full 3):
 PSYoungGen      total 284160K, used 22527K [0x00000000d5580000, 0x00000000ed180000, 0x0000000100000000)
  eden space 261632K, 0% used [0x00000000d5580000,0x00000000d5580000,0x00000000e5500000)
  from space 22528K, 99% used [0x00000000e5500000,0x00000000e6affc78,0x00000000e6b00000)
  to   space 26112K, 0% used [0x00000000eb800000,0x00000000eb800000,0x00000000ed180000)
 ParOldGen       total 104448K, used 33211K [0x0000000080000000, 0x0000000086600000, 0x00000000d5580000)
  object space 104448K, 31% used [0x0000000080000000,0x000000008206eef8,0x0000000086600000)
 Metaspace       used 68873K, capacity 71694K, committed 71960K, reserved 1112064K
  class space    used 9336K, capacity 9914K, committed 10024K, reserved 1048576K
}
Event: 74.266 GC heap before
{Heap before GC invocations=15 (full 3):
 PSYoungGen      total 284160K, used 284159K [0x00000000d5580000, 0x00000000ed180000, 0x0000000100000000)
  eden space 261632K, 100% used [0x00000000d5580000,0x00000000e5500000,0x00000000e5500000)
  from space 22528K, 99% used [0x00000000e5500000,0x00000000e6affc78,0x00000000e6b00000)
  to   space 26112K, 0% used [0x00000000eb800000,0x00000000eb800000,0x00000000ed180000)
 ParOldGen       total 104448K, used 33211K [0x0000000080000000, 0x0000000086600000, 0x00000000d5580000)
  object space 104448K, 31% used [0x0000000080000000,0x000000008206eef8,0x0000000086600000)
 Metaspace       used 79292K, capacity 83038K, committed 83224K, reserved 1120256K
  class space    used 10730K, capacity 11448K, committed 11560K, reserved 1048576K
Event: 74.470 GC heap after
Heap after GC invocations=15 (full 3):
 PSYoungGen      total 351744K, used 26086K [0x00000000d5580000, 0x00000000ee800000, 0x0000000100000000)
  eden space 325632K, 0% used [0x00000000d5580000,0x00000000d5580000,0x00000000e9380000)
  from space 26112K, 99% used [0x00000000eb800000,0x00000000ed179ad8,0x00000000ed180000)
  to   space 37376K, 0% used [0x00000000e9380000,0x00000000e9380000,0x00000000eb800000)
 ParOldGen       total 104448K, used 52425K [0x0000000080000000, 0x0000000086600000, 0x00000000d5580000)
  object space 104448K, 50% used [0x0000000080000000,0x00000000833324a0,0x0000000086600000)
 Metaspace       used 79292K, capacity 83038K, committed 83224K, reserved 1120256K
  class space    used 10730K, capacity 11448K, committed 11560K, reserved 1048576K
}
Event: 84.759 GC heap before
{Heap before GC invocations=16 (full 3):
 PSYoungGen      total 351744K, used 351718K [0x00000000d5580000, 0x00000000ee800000, 0x0000000100000000)
  eden space 325632K, 100% used [0x00000000d5580000,0x00000000e9380000,0x00000000e9380000)
  from space 26112K, 99% used [0x00000000eb800000,0x00000000ed179ad8,0x00000000ed180000)
  to   space 37376K, 0% used [0x00000000e9380000,0x00000000e9380000,0x00000000eb800000)
 ParOldGen       total 104448K, used 52425K [0x0000000080000000, 0x0000000086600000, 0x00000000d5580000)
  object space 104448K, 50% used [0x0000000080000000,0x00000000833324a0,0x0000000086600000)
 Metaspace       used 79850K, capacity 83618K, committed 83736K, reserved 1122304K
  class space    used 10780K, capacity 11492K, committed 11560K, reserved 1048576K
Event: 84.920 GC heap after
Heap after GC invocations=16 (full 3):
 PSYoungGen      total 363008K, used 9958K [0x00000000d5580000, 0x00000000f3600000, 0x0000000100000000)
  eden space 325632K, 0% used [0x00000000d5580000,0x00000000d5580000,0x00000000e9380000)
  from space 37376K, 26% used [0x00000000e9380000,0x00000000e9d39b48,0x00000000eb800000)
  to   space 35840K, 0% used [0x00000000f1300000,0x00000000f1300000,0x00000000f3600000)
 ParOldGen       total 104448K, used 74780K [0x0000000080000000, 0x0000000086600000, 0x00000000d5580000)
  object space 104448K, 71% used [0x0000000080000000,0x0000000084907248,0x0000000086600000)
 Metaspace       used 79850K, capacity 83618K, committed 83736K, reserved 1122304K
  class space    used 10780K, capacity 11492K, committed 11560K, reserved 1048576K
}
Event: 94.977 GC heap before
{Heap before GC invocations=17 (full 3):
 PSYoungGen      total 363008K, used 335590K [0x00000000d5580000, 0x00000000f3600000, 0x0000000100000000)
  eden space 325632K, 100% used [0x00000000d5580000,0x00000000e9380000,0x00000000e9380000)
  from space 37376K, 26% used [0x00000000e9380000,0x00000000e9d39b48,0x00000000eb800000)
  to   space 35840K, 0% used [0x00000000f1300000,0x00000000f1300000,0x00000000f3600000)
 ParOldGen       total 104448K, used 74780K [0x0000000080000000, 0x0000000086600000, 0x00000000d5580000)
  object space 104448K, 71% used [0x0000000080000000,0x0000000084907248,0x0000000086600000)
 Metaspace       used 79938K, capacity 83708K, committed 83992K, reserved 1122304K
  class space    used 10783K, capacity 11497K, committed 11560K, reserved 1048576K
Event: 95.092 GC heap after
Heap after GC invocations=17 (full 3):
 PSYoungGen      total 450048K, used 3264K [0x00000000d5580000, 0x00000000f3300000, 0x0000000100000000)
  eden space 417280K, 0% used [0x00000000d5580000,0x00000000d5580000,0x00000000eed00000)
  from space 32768K, 9% used [0x00000000f1300000,0x00000000f1630000,0x00000000f3300000)
  to   space 35840K, 0% used [0x00000000eed00000,0x00000000eed00000,0x00000000f1000000)
 ParOldGen       total 104448K, used 83366K [0x0000000080000000, 0x0000000086600000, 0x00000000d5580000)
  object space 104448K, 79% used [0x0000000080000000,0x00000000851698a0,0x0000000086600000)
 Metaspace       used 79938K, capacity 83708K, committed 83992K, reserved 1122304K
  class space    used 10783K, capacity 11497K, committed 11560K, reserved 1048576K
}

