# JRE version: OpenJDK Runtime Environment (8.0_242-b01) (build 1.8.0_242-release-1644-b01)
# Java VM: OpenJDK 64-Bit Server VM (25.242-b01 mixed mode windows-amd64 compressed oops)
Heap:
 PSYoungGen      total 367104K, used 62888K [0x00000000d5580000, 0x00000000eed80000, 0x0000000100000000)
  eden space 336896K, 17% used [0x00000000d5580000,0x00000000d8f3e828,0x00000000e9e80000)
  from space 30208K, 12% used [0x00000000ebb00000,0x00000000ebeaba90,0x00000000ed880000)
  to   space 29184K, 0% used [0x00000000e9e80000,0x00000000e9e80000,0x00000000ebb00000)
 ParOldGen       total 92160K, used 65561K [0x0000000080000000, 0x0000000085a00000, 0x00000000d5580000)
  object space 92160K, 71% used [0x0000000080000000,0x00000000840067c8,0x0000000085a00000)
 Metaspace       used 92636K, capacity 96646K, committed 96920K, reserved 1132544K
  class space    used 12144K, capacity 12884K, committed 12976K, reserved 1048576K
GC Heap History (10 events):
Event: 110.514 GC heap before
{Heap before GC invocations=26 (full 3):
 PSYoungGen      total 278016K, used 259872K [0x00000000d5580000, 0x00000000e7e80000, 0x0000000100000000)
  eden space 257024K, 100% used [0x00000000d5580000,0x00000000e5080000,0x00000000e5080000)
  from space 20992K, 13% used [0x00000000e6a00000,0x00000000e6cc8000,0x00000000e7e80000)
  to   space 23552K, 0% used [0x00000000e5080000,0x00000000e5080000,0x00000000e6780000)
 ParOldGen       total 92160K, used 70700K [0x0000000080000000, 0x0000000085a00000, 0x00000000d5580000)
  object space 92160K, 76% used [0x0000000080000000,0x000000008450b088,0x0000000085a00000)
 Metaspace       used 76840K, capacity 80110K, committed 80280K, reserved 1118208K
  class space    used 10393K, capacity 11086K, committed 11184K, reserved 1048576K
Event: 110.569 GC heap after
Heap after GC invocations=26 (full 3):
 PSYoungGen      total 280576K, used 4672K [0x00000000d5580000, 0x00000000eab00000, 0x0000000100000000)
  eden space 257024K, 0% used [0x00000000d5580000,0x00000000d5580000,0x00000000e5080000)
  from space 23552K, 19% used [0x00000000e5080000,0x00000000e5510000,0x00000000e6780000)
  to   space 23040K, 0% used [0x00000000e9480000,0x00000000e9480000,0x00000000eab00000)
 ParOldGen       total 92160K, used 73524K [0x0000000080000000, 0x0000000085a00000, 0x00000000d5580000)
  object space 92160K, 79% used [0x0000000080000000,0x00000000847cd0b8,0x0000000085a00000)
 Metaspace       used 76840K, capacity 80110K, committed 80280K, reserved 1118208K
  class space    used 10393K, capacity 11086K, committed 11184K, reserved 1048576K
}
Event: 114.029 GC heap before
{Heap before GC invocations=27 (full 3):
 PSYoungGen      total 280576K, used 261696K [0x00000000d5580000, 0x00000000eab00000, 0x0000000100000000)
  eden space 257024K, 100% used [0x00000000d5580000,0x00000000e5080000,0x00000000e5080000)
  from space 23552K, 19% used [0x00000000e5080000,0x00000000e5510000,0x00000000e6780000)
  to   space 23040K, 0% used [0x00000000e9480000,0x00000000e9480000,0x00000000eab00000)
 ParOldGen       total 92160K, used 73524K [0x0000000080000000, 0x0000000085a00000, 0x00000000d5580000)
  object space 92160K, 79% used [0x0000000080000000,0x00000000847cd0b8,0x0000000085a00000)
 Metaspace       used 77908K, capacity 81326K, committed 81688K, reserved 1120256K
  class space    used 10509K, capacity 11194K, committed 11312K, reserved 1048576K
Event: 114.069 GC heap after
Heap after GC invocations=27 (full 3):
 PSYoungGen      total 323584K, used 11836K [0x00000000d5580000, 0x00000000ea980000, 0x0000000100000000)
  eden space 302080K, 0% used [0x00000000d5580000,0x00000000d5580000,0x00000000e7c80000)
  from space 21504K, 55% used [0x00000000e9480000,0x00000000ea00f068,0x00000000ea980000)
  to   space 23040K, 0% used [0x00000000e7c80000,0x00000000e7c80000,0x00000000e9300000)
 ParOldGen       total 92160K, used 73532K [0x0000000080000000, 0x0000000085a00000, 0x00000000d5580000)
  object space 92160K, 79% used [0x0000000080000000,0x00000000847cf0b8,0x0000000085a00000)
 Metaspace       used 77908K, capacity 81326K, committed 81688K, reserved 1120256K
  class space    used 10509K, capacity 11194K, committed 11312K, reserved 1048576K
}
Event: 219.180 GC heap before
{Heap before GC invocations=28 (full 3):
 PSYoungGen      total 323584K, used 313916K [0x00000000d5580000, 0x00000000ea980000, 0x0000000100000000)
  eden space 302080K, 100% used [0x00000000d5580000,0x00000000e7c80000,0x00000000e7c80000)
  from space 21504K, 55% used [0x00000000e9480000,0x00000000ea00f068,0x00000000ea980000)
  to   space 23040K, 0% used [0x00000000e7c80000,0x00000000e7c80000,0x00000000e9300000)
 ParOldGen       total 92160K, used 73532K [0x0000000080000000, 0x0000000085a00000, 0x00000000d5580000)
  object space 92160K, 79% used [0x0000000080000000,0x00000000847cf0b8,0x0000000085a00000)
 Metaspace       used 92582K, capacity 96608K, committed 96920K, reserved 1132544K
  class space    used 12133K, capacity 12877K, committed 12976K, reserved 1048576K
Event: 219.329 GC heap after
Heap after GC invocations=28 (full 3):
 PSYoungGen      total 325120K, used 23036K [0x00000000d5580000, 0x00000000ed880000, 0x0000000100000000)
  eden space 302080K, 0% used [0x00000000d5580000,0x00000000d5580000,0x00000000e7c80000)
  from space 23040K, 99% used [0x00000000e7c80000,0x00000000e92ff1a8,0x00000000e9300000)
  to   space 30208K, 0% used [0x00000000ebb00000,0x00000000ebb00000,0x00000000ed880000)
 ParOldGen       total 92160K, used 82052K [0x0000000080000000, 0x0000000085a00000, 0x00000000d5580000)
  object space 92160K, 89% used [0x0000000080000000,0x0000000085021268,0x0000000085a00000)
 Metaspace       used 92582K, capacity 96608K, committed 96920K, reserved 1132544K
  class space    used 12133K, capacity 12877K, committed 12976K, reserved 1048576K
}
Event: 219.329 GC heap before
{Heap before GC invocations=29 (full 4):
 PSYoungGen      total 325120K, used 23036K [0x00000000d5580000, 0x00000000ed880000, 0x0000000100000000)
  eden space 302080K, 0% used [0x00000000d5580000,0x00000000d5580000,0x00000000e7c80000)
  from space 23040K, 99% used [0x00000000e7c80000,0x00000000e92ff1a8,0x00000000e9300000)
  to   space 30208K, 0% used [0x00000000ebb00000,0x00000000ebb00000,0x00000000ed880000)
 ParOldGen       total 92160K, used 82052K [0x0000000080000000, 0x0000000085a00000, 0x00000000d5580000)
  object space 92160K, 89% used [0x0000000080000000,0x0000000085021268,0x0000000085a00000)
 Metaspace       used 92582K, capacity 96608K, committed 96920K, reserved 1132544K
  class space    used 12133K, capacity 12877K, committed 12976K, reserved 1048576K
Event: 220.727 GC heap after
Heap after GC invocations=29 (full 4):
 PSYoungGen      total 325120K, used 0K [0x00000000d5580000, 0x00000000ed880000, 0x0000000100000000)
  eden space 302080K, 0% used [0x00000000d5580000,0x00000000d5580000,0x00000000e7c80000)
  from space 23040K, 0% used [0x00000000e7c80000,0x00000000e7c80000,0x00000000e9300000)
  to   space 30208K, 0% used [0x00000000ebb00000,0x00000000ebb00000,0x00000000ed880000)
 ParOldGen       total 92160K, used 65561K [0x0000000080000000, 0x0000000085a00000, 0x00000000d5580000)
  object space 92160K, 71% used [0x0000000080000000,0x00000000840067c8,0x0000000085a00000)
 Metaspace       used 92575K, capacity 96588K, committed 96920K, reserved 1132544K
  class space    used 12130K, capacity 12873K, committed 12976K, reserved 1048576K
}
Event: 228.273 GC heap before
{Heap before GC invocations=30 (full 4):
 PSYoungGen      total 325120K, used 302080K [0x00000000d5580000, 0x00000000ed880000, 0x0000000100000000)
  eden space 302080K, 100% used [0x00000000d5580000,0x00000000e7c80000,0x00000000e7c80000)
  from space 23040K, 0% used [0x00000000e7c80000,0x00000000e7c80000,0x00000000e9300000)
  to   space 30208K, 0% used [0x00000000ebb00000,0x00000000ebb00000,0x00000000ed880000)
 ParOldGen       total 92160K, used 65561K [0x0000000080000000, 0x0000000085a00000, 0x00000000d5580000)
  object space 92160K, 71% used [0x0000000080000000,0x00000000840067c8,0x0000000085a00000)
 Metaspace       used 92629K, capacity 96640K, committed 96920K, reserved 1132544K
  class space    used 12144K, capacity 12883K, committed 12976K, reserved 1048576K
Event: 229.006 GC heap after
Heap after GC invocations=30 (full 4):
 PSYoungGen      total 367104K, used 3758K [0x00000000d5580000, 0x00000000eed80000, 0x0000000100000000)
  eden space 336896K, 0% used [0x00000000d5580000,0x00000000d5580000,0x00000000e9e80000)
  from space 30208K, 12% used [0x00000000ebb00000,0x00000000ebeaba90,0x00000000ed880000)
  to   space 29184K, 0% used [0x00000000e9e80000,0x00000000e9e80000,0x00000000ebb00000)
 ParOldGen       total 92160K, used 65561K [0x0000000080000000, 0x0000000085a00000, 0x00000000d5580000)
  object space 92160K, 71% used [0x0000000080000000,0x00000000840067c8,0x0000000085a00000)
 Metaspace       used 92629K, capacity 96640K, committed 96920K, reserved 1132544K
  class space    used 12144K, capacity 12883K, committed 12976K, reserved 1048576K
}

