# JRE version: OpenJDK Runtime Environment (8.0_242-b01) (build 1.8.0_242-release-1644-b01)
# Java VM: OpenJDK 64-Bit Server VM (25.242-b01 mixed mode windows-amd64 compressed oops)
Heap:
 PSYoungGen      total 124928K, used 89678K [0x00000000d5580000, 0x00000000ddb80000, 0x0000000100000000)
  eden space 114176K, 78% used [0x00000000d5580000,0x00000000dad13988,0x00000000dc500000)
  from space 10752K, 0% used [0x00000000dd000000,0x00000000dd000000,0x00000000dda80000)
  to   space 11264K, 0% used [0x00000000dc500000,0x00000000dc500000,0x00000000dd000000)
 ParOldGen       total 58368K, used 16080K [0x0000000080000000, 0x0000000083900000, 0x00000000d5580000)
  object space 58368K, 27% used [0x0000000080000000,0x0000000080fb4138,0x0000000083900000)
 Metaspace       used 41839K, capacity 43322K, committed 43688K, reserved 1089536K
  class space    used 5655K, capacity 5989K, committed 6056K, reserved 1048576K
GC Heap History (10 events):
Event: 9.416 GC heap before
{Heap before GC invocations=6 (full 0):
 PSYoungGen      total 61952K, used 31831K [0x00000000d5580000, 0x00000000dda80000, 0x0000000100000000)
  eden space 57344K, 47% used [0x00000000d5580000,0x00000000d701dbe0,0x00000000d8d80000)
  from space 4608K, 99% used [0x00000000d8d80000,0x00000000d91f8020,0x00000000d9200000)
  to   space 10752K, 0% used [0x00000000dd000000,0x00000000dd000000,0x00000000dda80000)
 ParOldGen       total 76800K, used 8144K [0x0000000080000000, 0x0000000084b00000, 0x00000000d5580000)
  object space 76800K, 10% used [0x0000000080000000,0x00000000807f41d8,0x0000000084b00000)
 Metaspace       used 20563K, capacity 21240K, committed 21296K, reserved 1067008K
  class space    used 2873K, capacity 3088K, committed 3120K, reserved 1048576K
Event: 9.439 GC heap after
Heap after GC invocations=6 (full 0):
 PSYoungGen      total 124928K, used 7527K [0x00000000d5580000, 0x00000000ddb80000, 0x0000000100000000)
  eden space 114176K, 0% used [0x00000000d5580000,0x00000000d5580000,0x00000000dc500000)
  from space 10752K, 70% used [0x00000000dd000000,0x00000000dd759d30,0x00000000dda80000)
  to   space 11264K, 0% used [0x00000000dc500000,0x00000000dc500000,0x00000000dd000000)
 ParOldGen       total 76800K, used 8152K [0x0000000080000000, 0x0000000084b00000, 0x00000000d5580000)
  object space 76800K, 10% used [0x0000000080000000,0x00000000807f61d8,0x0000000084b00000)
 Metaspace       used 20563K, capacity 21240K, committed 21296K, reserved 1067008K
  class space    used 2873K, capacity 3088K, committed 3120K, reserved 1048576K
}
Event: 9.439 GC heap before
{Heap before GC invocations=7 (full 1):
 PSYoungGen      total 124928K, used 7527K [0x00000000d5580000, 0x00000000ddb80000, 0x0000000100000000)
  eden space 114176K, 0% used [0x00000000d5580000,0x00000000d5580000,0x00000000dc500000)
  from space 10752K, 70% used [0x00000000dd000000,0x00000000dd759d30,0x00000000dda80000)
  to   space 11264K, 0% used [0x00000000dc500000,0x00000000dc500000,0x00000000dd000000)
 ParOldGen       total 76800K, used 8152K [0x0000000080000000, 0x0000000084b00000, 0x00000000d5580000)
  object space 76800K, 10% used [0x0000000080000000,0x00000000807f61d8,0x0000000084b00000)
 Metaspace       used 20563K, capacity 21240K, committed 21296K, reserved 1067008K
  class space    used 2873K, capacity 3088K, committed 3120K, reserved 1048576K
Event: 9.536 GC heap after
Heap after GC invocations=7 (full 1):
 PSYoungGen      total 124928K, used 0K [0x00000000d5580000, 0x00000000ddb80000, 0x0000000100000000)
  eden space 114176K, 0% used [0x00000000d5580000,0x00000000d5580000,0x00000000dc500000)
  from space 10752K, 0% used [0x00000000dd000000,0x00000000dd000000,0x00000000dda80000)
  to   space 11264K, 0% used [0x00000000dc500000,0x00000000dc500000,0x00000000dd000000)
 ParOldGen       total 58368K, used 13179K [0x0000000080000000, 0x0000000083900000, 0x00000000d5580000)
  object space 58368K, 22% used [0x0000000080000000,0x0000000080cdece0,0x0000000083900000)
 Metaspace       used 20563K, capacity 21240K, committed 21296K, reserved 1067008K
  class space    used 2873K, capacity 3088K, committed 3120K, reserved 1048576K
}
Event: 13.011 GC heap before
{Heap before GC invocations=8 (full 1):
 PSYoungGen      total 124928K, used 114176K [0x00000000d5580000, 0x00000000ddb80000, 0x0000000100000000)
  eden space 114176K, 100% used [0x00000000d5580000,0x00000000dc500000,0x00000000dc500000)
  from space 10752K, 0% used [0x00000000dd000000,0x00000000dd000000,0x00000000dda80000)
  to   space 11264K, 0% used [0x00000000dc500000,0x00000000dc500000,0x00000000dd000000)
 ParOldGen       total 58368K, used 13179K [0x0000000080000000, 0x0000000083900000, 0x00000000d5580000)
  object space 58368K, 22% used [0x0000000080000000,0x0000000080cdece0,0x0000000083900000)
 Metaspace       used 31798K, capacity 32598K, committed 32816K, reserved 1077248K
  class space    used 4311K, capacity 4544K, committed 4656K, reserved 1048576K
Event: 13.084 GC heap after
Heap after GC invocations=8 (full 1):
 PSYoungGen      total 125440K, used 11255K [0x00000000d5580000, 0x00000000ddb80000, 0x0000000100000000)
  eden space 114176K, 0% used [0x00000000d5580000,0x00000000d5580000,0x00000000dc500000)
  from space 11264K, 99% used [0x00000000dc500000,0x00000000dcffdf00,0x00000000dd000000)
  to   space 10752K, 0% used [0x00000000dd000000,0x00000000dd000000,0x00000000dda80000)
 ParOldGen       total 58368K, used 14274K [0x0000000080000000, 0x0000000083900000, 0x00000000d5580000)
  object space 58368K, 24% used [0x0000000080000000,0x0000000080df0ab0,0x0000000083900000)
 Metaspace       used 31798K, capacity 32598K, committed 32816K, reserved 1077248K
  class space    used 4311K, capacity 4544K, committed 4656K, reserved 1048576K
}
Event: 14.434 GC heap before
{Heap before GC invocations=9 (full 1):
 PSYoungGen      total 125440K, used 78320K [0x00000000d5580000, 0x00000000ddb80000, 0x0000000100000000)
  eden space 114176K, 58% used [0x00000000d5580000,0x00000000d96fe430,0x00000000dc500000)
  from space 11264K, 99% used [0x00000000dc500000,0x00000000dcffdf00,0x00000000dd000000)
  to   space 10752K, 0% used [0x00000000dd000000,0x00000000dd000000,0x00000000dda80000)
 ParOldGen       total 58368K, used 14274K [0x0000000080000000, 0x0000000083900000, 0x00000000d5580000)
  object space 58368K, 24% used [0x0000000080000000,0x0000000080df0ab0,0x0000000083900000)
 Metaspace       used 34411K, capacity 35354K, committed 35496K, reserved 1079296K
  class space    used 4711K, capacity 4938K, committed 5032K, reserved 1048576K
Event: 14.460 GC heap after
Heap after GC invocations=9 (full 1):
 PSYoungGen      total 124928K, used 9580K [0x00000000d5580000, 0x00000000ddb80000, 0x0000000100000000)
  eden space 114176K, 0% used [0x00000000d5580000,0x00000000d5580000,0x00000000dc500000)
  from space 10752K, 89% used [0x00000000dd000000,0x00000000dd95b2c0,0x00000000dda80000)
  to   space 11264K, 0% used [0x00000000dc500000,0x00000000dc500000,0x00000000dd000000)
 ParOldGen       total 58368K, used 14282K [0x0000000080000000, 0x0000000083900000, 0x00000000d5580000)
  object space 58368K, 24% used [0x0000000080000000,0x0000000080df2ab0,0x0000000083900000)
 Metaspace       used 34411K, capacity 35354K, committed 35496K, reserved 1079296K
  class space    used 4711K, capacity 4938K, committed 5032K, reserved 1048576K
}
Event: 14.460 GC heap before
{Heap before GC invocations=10 (full 2):
 PSYoungGen      total 124928K, used 9580K [0x00000000d5580000, 0x00000000ddb80000, 0x0000000100000000)
  eden space 114176K, 0% used [0x00000000d5580000,0x00000000d5580000,0x00000000dc500000)
  from space 10752K, 89% used [0x00000000dd000000,0x00000000dd95b2c0,0x00000000dda80000)
  to   space 11264K, 0% used [0x00000000dc500000,0x00000000dc500000,0x00000000dd000000)
 ParOldGen       total 58368K, used 14282K [0x0000000080000000, 0x0000000083900000, 0x00000000d5580000)
  object space 58368K, 24% used [0x0000000080000000,0x0000000080df2ab0,0x0000000083900000)
 Metaspace       used 34411K, capacity 35354K, committed 35496K, reserved 1079296K
  class space    used 4711K, capacity 4938K, committed 5032K, reserved 1048576K
Event: 14.645 GC heap after
Heap after GC invocations=10 (full 2):
 PSYoungGen      total 124928K, used 0K [0x00000000d5580000, 0x00000000ddb80000, 0x0000000100000000)
  eden space 114176K, 0% used [0x00000000d5580000,0x00000000d5580000,0x00000000dc500000)
  from space 10752K, 0% used [0x00000000dd000000,0x00000000dd000000,0x00000000dda80000)
  to   space 11264K, 0% used [0x00000000dc500000,0x00000000dc500000,0x00000000dd000000)
 ParOldGen       total 58368K, used 16080K [0x0000000080000000, 0x0000000083900000, 0x00000000d5580000)
  object space 58368K, 27% used [0x0000000080000000,0x0000000080fb4138,0x0000000083900000)
 Metaspace       used 34411K, capacity 35354K, committed 35496K, reserved 1079296K
  class space    used 4711K, capacity 4938K, committed 5032K, reserved 1048576K
}

